Log file open, 07/20/24 08:53:37
LogWindows: Failed to load 'aqProf.dll' (GetLastError=126)
LogWindows: File 'aqProf.dll' does not exist
LogWindows: Failed to load 'VtuneApi.dll' (GetLastError=126)
LogWindows: File 'VtuneApi.dll' does not exist
LogWindows: Failed to load 'VtuneApi32e.dll' (GetLastError=126)
LogWindows: File 'VtuneApi32e.dll' does not exist
LogConsoleResponse: Display: Failed to find resolution value strings in scalability ini. Falling back to default.
LogConsoleResponse: Display: Failed to find resolution value strings in scalability ini. Falling back to default.
LogInit: Display: Running engine for game: UELess5
LogPlatformFile: Not using cached read wrapper
LogTaskGraph: Started task graph with 5 named threads and 71 total threads with 3 sets of task threads.
LogStats: Stats thread started at 0.322858
LogICUInternationalization: ICU TimeZone Detection - Raw Offset: +3:00, Platform Override: ''
LogInit: Display: Loading text-based GConfig....
LogPluginManager: Mounting plugin MeshPainting
LogPluginManager: Mounting plugin XGEController
LogPluginManager: Mounting plugin Paper2D
LogPluginManager: Mounting plugin AISupport
LogPluginManager: Mounting plugin EnvironmentQueryEditor
LogPluginManager: Mounting plugin LightPropagationVolume
LogPluginManager: Mounting plugin CameraShakePreviewer
LogPluginManager: Mounting plugin GameplayCameras
LogPluginManager: Mounting plugin OodleNetwork
LogPluginManager: Mounting plugin OodleData
LogPluginManager: Mounting plugin AssetManagerEditor
LogPluginManager: Mounting plugin LiveLink
LogPluginManager: Mounting plugin DataValidation
LogPluginManager: Mounting plugin FacialAnimation
LogPluginManager: Mounting plugin CurveEditorTools
LogPluginManager: Mounting plugin MaterialAnalyzer
LogPluginManager: Mounting plugin MacGraphicsSwitching
LogPluginManager: Mounting plugin CryptoKeys
LogPluginManager: Mounting plugin GameplayTagsEditor
LogPluginManager: Mounting plugin MobileLauncherProfileWizard
LogPluginManager: Mounting plugin GeometryMode
LogPluginManager: Mounting plugin SpeedTreeImporter
LogPluginManager: Mounting plugin PluginBrowser
LogPluginManager: Mounting plugin Niagara
LogPluginManager: Mounting plugin DatasmithContent
LogPluginManager: Mounting plugin AvfMedia
LogPluginManager: Mounting plugin VariantManagerContent
LogPluginManager: Mounting plugin ImgMedia
LogPluginManager: Mounting plugin MediaPlayerEditor
LogPluginManager: Mounting plugin WebMMedia
LogPluginManager: Mounting plugin AndroidMedia
LogPluginManager: Mounting plugin MediaCompositing
LogPluginManager: Mounting plugin LuminPlatformFeatures
LogPluginManager: Mounting plugin WmfMedia
LogPluginManager: Mounting plugin MagicLeapMedia
LogPluginManager: Mounting plugin MagicLeapLightEstimation
LogPluginManager: Mounting plugin MagicLeap
LogPluginManager: Mounting plugin MagicLeapPassableWorld
LogPluginManager: Mounting plugin LevelSequenceEditor
LogPluginManager: Mounting plugin TcpMessaging
LogPluginManager: Mounting plugin MLSDK
LogPluginManager: Mounting plugin UdpMessaging
LogPluginManager: Mounting plugin OnlineSubsystem
LogPluginManager: Mounting plugin MatineeToLevelSequence
LogPluginManager: Mounting plugin TemplateSequence
LogPluginManager: Mounting plugin ActorSequence
LogPluginManager: Mounting plugin OnlineSubsystemUtils
LogPluginManager: Mounting plugin AlembicImporter
LogPluginManager: Mounting plugin OnlineSubsystemNull
LogPluginManager: Mounting plugin ChaosCloth
LogPluginManager: Mounting plugin AutomationUtils
LogPluginManager: Mounting plugin LauncherChunkInstaller
LogPluginManager: Mounting plugin ChaosEditor
LogPluginManager: Mounting plugin ChaosSolverPlugin
LogPluginManager: Mounting plugin BackChannel
LogPluginManager: Mounting plugin ChaosClothEditor
LogPluginManager: Mounting plugin ChaosNiagara
LogPluginManager: Mounting plugin GeometryCache
LogPluginManager: Mounting plugin CharacterAI
LogPluginManager: Mounting plugin ScreenshotTools
LogPluginManager: Mounting plugin GeometryCollectionPlugin
LogPluginManager: Mounting plugin AndroidDeviceProfileSelector
LogPluginManager: Mounting plugin GeometryProcessing
LogPluginManager: Mounting plugin ActorLayerUtilities
LogPluginManager: Mounting plugin AndroidMoviePlayer
LogPluginManager: Mounting plugin ArchVisCharacter
LogPluginManager: Mounting plugin AndroidPermission
LogPluginManager: Mounting plugin AssetTags
LogPluginManager: Mounting plugin AudioCapture
LogPluginManager: Mounting plugin AppleMoviePlayer
LogPluginManager: Mounting plugin AppleImageUtils
LogPluginManager: Mounting plugin ChunkDownloader
LogPluginManager: Mounting plugin CustomMeshComponent
LogPluginManager: Mounting plugin AudioSynesthesia
LogPluginManager: Mounting plugin MotoSynth
LogPluginManager: Mounting plugin PlanarCut
LogPluginManager: Mounting plugin OpenImageDenoise
LogPluginManager: Mounting plugin EditableMesh
LogPluginManager: Mounting plugin ExampleDeviceProfileSelector
LogPluginManager: Mounting plugin GooglePAD
LogPluginManager: Mounting plugin ProxyLODPlugin
LogPluginManager: Mounting plugin PlatformCrypto
LogPluginManager: Mounting plugin GoogleCloudMessaging
LogPluginManager: Mounting plugin PythonScriptPlugin
LogPluginManager: Mounting plugin CableComponent
LogPluginManager: Mounting plugin Takes
LogPluginManager: Mounting plugin SkeletalReduction
LogPluginManager: Mounting plugin IOSDeviceProfileSelector
LogPluginManager: Mounting plugin LinuxDeviceProfileSelector
LogPluginManager: Mounting plugin LocationServicesBPLibrary
LogPluginManager: Mounting plugin MobilePatchingUtils
LogPluginManager: Mounting plugin OpenXRHandTracking
LogPluginManager: Mounting plugin OpenXREyeTracker
LogPluginManager: Mounting plugin PostSplashScreen
LogPluginManager: Mounting plugin RuntimePhysXCooking
LogPluginManager: Mounting plugin ProceduralMeshComponent
LogPluginManager: Mounting plugin PropertyAccessEditor
LogPluginManager: Mounting plugin OpenXR
LogPluginManager: Mounting plugin PhysXVehicles
LogPluginManager: Mounting plugin WebMMoviePlayer
LogPluginManager: Mounting plugin WindowsMoviePlayer
LogPluginManager: Mounting plugin Synthesis
LogPluginManager: Mounting plugin CodeLiteSourceCodeAccess
LogPluginManager: Mounting plugin CLionSourceCodeAccess
LogPluginManager: Mounting plugin SoundFields
LogPluginManager: Mounting plugin GitSourceControl
LogPluginManager: Mounting plugin NullSourceCodeAccess
LogPluginManager: Mounting plugin KDevelopSourceCodeAccess
LogPluginManager: Mounting plugin PlasticSourceControl
LogPluginManager: Mounting plugin UObjectPlugin
LogPluginManager: Mounting plugin VisualStudioCodeSourceCodeAccess
LogPluginManager: Mounting plugin PerforceSourceControl
LogPluginManager: Mounting plugin PixWinPlugin
LogPluginManager: Mounting plugin PluginUtils
LogPluginManager: Mounting plugin XCodeSourceCodeAccess
LogPluginManager: Mounting plugin PropertyAccessNode
LogPluginManager: Mounting plugin RiderSourceCodeAccess
LogPluginManager: Mounting plugin SignificanceManager
LogPluginManager: Mounting plugin SubversionSourceControl
LogPluginManager: Mounting plugin AnimationSharing
LogPluginManager: Mounting plugin TextureFormatOodle
LogPluginManager: Mounting plugin VisualStudioSourceCodeAccess
LogPluginManager: Mounting plugin ContentBrowserAssetDataSource
LogPluginManager: Mounting plugin ContentBrowserFileDataSource
LogPluginManager: Mounting plugin ContentBrowserClassDataSource
LogPluginManager: Mounting plugin OnlineSubsystemGooglePlay
LogPluginManager: Mounting plugin OnlineSubsystemIOS
LogPluginManager: Mounting plugin OculusVR
LogPluginManager: Mounting plugin SteamVR
LogLuminAPIImpl: Warning: MLSDK not found.  This likely means the MLSDK environment variable is not set.
LogInit: Using libcurl 7.55.1-DEV
LogInit:  - built for x86_64-pc-win32
LogInit:  - supports SSL with OpenSSL/1.1.1
LogInit:  - supports HTTP deflate (compression) using libz 1.2.8
LogInit:  - other features:
LogInit:      CURL_VERSION_SSL
LogInit:      CURL_VERSION_LIBZ
LogInit:      CURL_VERSION_IPV6
LogInit:      CURL_VERSION_ASYNCHDNS
LogInit:      CURL_VERSION_LARGEFILE
LogInit:      CURL_VERSION_IDN
LogInit:  CurlRequestOptions (configurable via config and command line):
LogInit:  - bVerifyPeer = true  - Libcurl will verify peer certificate
LogInit:  - bUseHttpProxy = false  - Libcurl will NOT use HTTP proxy
LogInit:  - bDontReuseConnections = false  - Libcurl will reuse connections
LogInit:  - MaxHostConnections = 16  - Libcurl will limit the number of connections to a host
LogInit:  - LocalHostAddr = Default
LogInit:  - BufferSize = 65536
LogOnline: OSS: Creating online subsystem instance for: NULL
LogInit: WinSock: version 1.1 (2.2), MaxSocks=32767, MaxUdp=65467
LogOnline: OSS: TryLoadSubsystemAndSetDefault: Loaded subsystem for module [NULL]
PixWinPlugin: PIX capture plugin failed to initialize! Check that the process is launched from PIX.
LogOculusPluginWrapper: OculusPlugin initialized successfully
LogHMD: Failed initializing OVRPlugin 1.59.0
LogInit: Build: ++UE4+Release-4.27-CL-18319896
LogInit: Engine Version: 4.27.2-18319896+++UE4+Release-4.27
LogInit: Compatible Engine Version: 4.27.0-17155196+++UE4+Release-4.27
LogInit: Net CL: 17155196
LogInit: OS: Windows 10 (Release 2009) (), CPU: Intel(R) Xeon(R) CPU E5-2670 v3 @ 2.30GHz, GPU: NVIDIA GeForce RTX 3060
LogInit: Compiled (64-bit): Nov 30 2021 07:12:08
LogInit: Compiled with Visual C++: 19.24.28315.00
LogInit: Build Configuration: Development
LogInit: Branch Name: ++UE4+Release-4.27
LogInit: Command Line: 
LogInit: Base Directory: C:/Program Files/Epic Games/UE_4.27/Engine/Binaries/Win64/
LogInit: Allocator: TBB
LogInit: Installed Engine Build: 1
LogDevObjectVersion: Number of dev versions registered: 29
LogDevObjectVersion:   Dev-Blueprints (B0D832E4-1F89-4F0D-ACCF-7EB736FD4AA2): 10
LogDevObjectVersion:   Dev-Build (E1C64328-A22C-4D53-A36C-8E866417BD8C): 0
LogDevObjectVersion:   Dev-Core (375EC13C-06E4-48FB-B500-84F0262A717E): 4
LogDevObjectVersion:   Dev-Editor (E4B068ED-F494-42E9-A231-DA0B2E46BB41): 40
LogDevObjectVersion:   Dev-Framework (CFFC743F-43B0-4480-9391-14DF171D2073): 37
LogDevObjectVersion:   Dev-Mobile (B02B49B5-BB20-44E9-A304-32B752E40360): 3
LogDevObjectVersion:   Dev-Networking (A4E4105C-59A1-49B5-A7C5-40C4547EDFEE): 0
LogDevObjectVersion:   Dev-Online (39C831C9-5AE6-47DC-9A44-9C173E1C8E7C): 0
LogDevObjectVersion:   Dev-Physics (78F01B33-EBEA-4F98-B9B4-84EACCB95AA2): 14
LogDevObjectVersion:   Dev-Platform (6631380F-2D4D-43E0-8009-CF276956A95A): 0
LogDevObjectVersion:   Dev-Rendering (12F88B9F-8875-4AFC-A67C-D90C383ABD29): 45
LogDevObjectVersion:   Dev-Sequencer (7B5AE74C-D270-4C10-A958-57980B212A5A): 13
LogDevObjectVersion:   Dev-VR (D7296918-1DD6-4BDD-9DE2-64A83CC13884): 3
LogDevObjectVersion:   Dev-LoadTimes (C2A15278-BFE7-4AFE-6C17-90FF531DF755): 1
LogDevObjectVersion:   Private-Geometry (6EACA3D4-40EC-4CC1-B786-8BED09428FC5): 3
LogDevObjectVersion:   Dev-AnimPhys (29E575DD-E0A3-4627-9D10-D276232CDCEA): 17
LogDevObjectVersion:   Dev-Anim (AF43A65D-7FD3-4947-9873-3E8ED9C1BB05): 15
LogDevObjectVersion:   Dev-ReflectionCapture (6B266CEC-1EC7-4B8F-A30B-E4D90942FC07): 1
LogDevObjectVersion:   Dev-Automation (0DF73D61-A23F-47EA-B727-89E90C41499A): 1
LogDevObjectVersion:   FortniteMain (601D1886-AC64-4F84-AA16-D3DE0DEAC7D6): 47
LogDevObjectVersion:   FortniteRelease (E7086368-6B23-4C58-8439-1B7016265E91): 1
LogDevObjectVersion:   Dev-Enterprise (9DFFBCD6-494F-0158-E221-12823C92A888): 10
LogDevObjectVersion:   Dev-Niagara (F2AED0AC-9AFE-416F-8664-AA7FFA26D6FC): 1
LogDevObjectVersion:   Dev-Destruction (174F1F0B-B4C6-45A5-B13F-2EE8D0FB917D): 10
LogDevObjectVersion:   Dev-Physics-Ext (35F94A83-E258-406C-A318-09F59610247C): 41
LogDevObjectVersion:   Dev-PhysicsMaterial-Chaos (B68FC16E-8B1B-42E2-B453-215C058844FE): 1
LogDevObjectVersion:   Dev-CineCamera (B2E18506-4273-CFC2-A54E-F4BB758BBA07): 1
LogDevObjectVersion:   Dev-VirtualProduction (64F58936-FD1B-42BA-BA96-7289D5D0FA4E): 1
LogDevObjectVersion:   Dev-MediaFramework (6F0ED827-A609-4895-9C91-998D90180EA4): 2
LogInit: Presizing for max 25165824 objects, including 0 objects not considered by GC, pre-allocating 0 bytes for permanent pool.
LogConfig: Applying CVar settings from Section [/Script/Engine.StreamingSettings] File [C:/Github/UELess5/Saved/Config/Windows/Engine.ini]
LogConfig: Setting CVar [[s.MinBulkDataSizeForAsyncLoading:131072]]
LogConfig: Setting CVar [[s.AsyncLoadingThreadEnabled:0]]
LogConfig: Setting CVar [[s.EventDrivenLoaderEnabled:1]]
LogConfig: Setting CVar [[s.WarnIfTimeLimitExceeded:0]]
LogConfig: Setting CVar [[s.TimeLimitExceededMultiplier:1.5]]
LogConfig: Setting CVar [[s.TimeLimitExceededMinTime:0.005]]
LogConfig: Setting CVar [[s.UseBackgroundLevelStreaming:1]]
LogConfig: Setting CVar [[s.PriorityAsyncLoadingExtraTime:15.0]]
LogConfig: Setting CVar [[s.LevelStreamingActorsUpdateTimeLimit:5.0]]
LogConfig: Setting CVar [[s.PriorityLevelStreamingActorsUpdateExtraTime:5.0]]
LogConfig: Setting CVar [[s.LevelStreamingComponentsRegistrationGranularity:10]]
LogConfig: Setting CVar [[s.UnregisterComponentsTimeLimit:1.0]]
LogConfig: Setting CVar [[s.LevelStreamingComponentsUnregistrationGranularity:5]]
LogConfig: Setting CVar [[s.FlushStreamingOnExit:1]]
LogInit: Object subsystem initialized
LogConfig: Setting CVar [[con.DebugEarlyDefault:1]]
LogConfig: Setting CVar [[r.setres:1280x720]]
[2024.07.20-05.53.37:874][  0]LogConfig: Setting CVar [[r.VSync:0]]
[2024.07.20-05.53.37:874][  0]LogConfig: Setting CVar [[r.RHICmdBypass:0]]
[2024.07.20-05.53.37:874][  0]LogConfig: Applying CVar settings from Section [/Script/Engine.RendererSettings] File [C:/Github/UELess5/Saved/Config/Windows/Engine.ini]
[2024.07.20-05.53.37:874][  0]LogConfig: Setting CVar [[r.GPUCrashDebugging:0]]
[2024.07.20-05.53.37:874][  0]LogConfig: Applying CVar settings from Section [/Script/Engine.RendererOverrideSettings] File [C:/Github/UELess5/Saved/Config/Windows/Engine.ini]
[2024.07.20-05.53.37:874][  0]LogConfig: Applying CVar settings from Section [/Script/Engine.StreamingSettings] File [C:/Github/UELess5/Saved/Config/Windows/Engine.ini]
[2024.07.20-05.53.37:875][  0]LogConfig: Setting CVar [[s.MinBulkDataSizeForAsyncLoading:131072]]
[2024.07.20-05.53.37:875][  0]LogConfig: Setting CVar [[s.AsyncLoadingThreadEnabled:0]]
[2024.07.20-05.53.37:875][  0]LogConfig: Setting CVar [[s.EventDrivenLoaderEnabled:1]]
[2024.07.20-05.53.37:875][  0]LogConfig: Setting CVar [[s.WarnIfTimeLimitExceeded:0]]
[2024.07.20-05.53.37:875][  0]LogConfig: Setting CVar [[s.TimeLimitExceededMultiplier:1.5]]
[2024.07.20-05.53.37:875][  0]LogConfig: Setting CVar [[s.TimeLimitExceededMinTime:0.005]]
[2024.07.20-05.53.37:875][  0]LogConfig: Setting CVar [[s.UseBackgroundLevelStreaming:1]]
[2024.07.20-05.53.37:875][  0]LogConfig: Setting CVar [[s.PriorityAsyncLoadingExtraTime:15.0]]
[2024.07.20-05.53.37:875][  0]LogConfig: Setting CVar [[s.LevelStreamingActorsUpdateTimeLimit:5.0]]
[2024.07.20-05.53.37:875][  0]LogConfig: Setting CVar [[s.PriorityLevelStreamingActorsUpdateExtraTime:5.0]]
[2024.07.20-05.53.37:875][  0]LogConfig: Setting CVar [[s.LevelStreamingComponentsRegistrationGranularity:10]]
[2024.07.20-05.53.37:875][  0]LogConfig: Setting CVar [[s.UnregisterComponentsTimeLimit:1.0]]
[2024.07.20-05.53.37:875][  0]LogConfig: Setting CVar [[s.LevelStreamingComponentsUnregistrationGranularity:5]]
[2024.07.20-05.53.37:875][  0]LogConfig: Setting CVar [[s.FlushStreamingOnExit:1]]
[2024.07.20-05.53.37:875][  0]LogConfig: Applying CVar settings from Section [/Script/Engine.GarbageCollectionSettings] File [C:/Github/UELess5/Saved/Config/Windows/Engine.ini]
[2024.07.20-05.53.37:876][  0]LogConfig: Setting CVar [[gc.MaxObjectsNotConsideredByGC:1]]
[2024.07.20-05.53.37:876][  0]LogConfig: Setting CVar [[gc.SizeOfPermanentObjectPool:0]]
[2024.07.20-05.53.37:876][  0]LogConfig: Setting CVar [[gc.FlushStreamingOnGC:0]]
[2024.07.20-05.53.37:876][  0]LogConfig: Setting CVar [[gc.NumRetriesBeforeForcingGC:10]]
[2024.07.20-05.53.37:876][  0]LogConfig: Setting CVar [[gc.AllowParallelGC:1]]
[2024.07.20-05.53.37:876][  0]LogConfig: Setting CVar [[gc.TimeBetweenPurgingPendingKillObjects:61.1]]
[2024.07.20-05.53.37:876][  0]LogConfig: Setting CVar [[gc.MaxObjectsInEditor:25165824]]
[2024.07.20-05.53.37:876][  0]LogConfig: Setting CVar [[gc.IncrementalBeginDestroyEnabled:1]]
[2024.07.20-05.53.37:876][  0]LogConfig: Setting CVar [[gc.CreateGCClusters:1]]
[2024.07.20-05.53.37:876][  0]LogConfig: Setting CVar [[gc.MinGCClusterSize:5]]
[2024.07.20-05.53.37:876][  0]LogConfig: Setting CVar [[gc.ActorClusteringEnabled:0]]
[2024.07.20-05.53.37:876][  0]LogConfig: Setting CVar [[gc.BlueprintClusteringEnabled:0]]
[2024.07.20-05.53.37:876][  0]LogConfig: Setting CVar [[gc.UseDisregardForGCOnDedicatedServers:0]]
[2024.07.20-05.53.37:876][  0]LogConfig: Setting CVar [[gc.MultithreadedDestructionEnabled:1]]
[2024.07.20-05.53.37:876][  0]LogConfig: Applying CVar settings from Section [/Script/Engine.NetworkSettings] File [C:/Github/UELess5/Saved/Config/Windows/Engine.ini]
[2024.07.20-05.53.37:876][  0]LogConfig: Applying CVar settings from Section [/Script/UnrealEd.CookerSettings] File [C:/Github/UELess5/Saved/Config/Windows/Engine.ini]
[2024.07.20-05.53.37:913][  0]LogConfig: Applying CVar settings from Section [ViewDistanceQuality@3] File [C:/Github/UELess5/Saved/Config/Windows/Scalability.ini]
[2024.07.20-05.53.37:913][  0]LogConfig: Setting CVar [[r.SkeletalMeshLODBias:0]]
[2024.07.20-05.53.37:913][  0]LogConfig: Setting CVar [[r.ViewDistanceScale:1.0]]
[2024.07.20-05.53.37:913][  0]LogConfig: Applying CVar settings from Section [AntiAliasingQuality@3] File [C:/Github/UELess5/Saved/Config/Windows/Scalability.ini]
[2024.07.20-05.53.37:913][  0]LogConfig: Setting CVar [[r.PostProcessAAQuality:4]]
[2024.07.20-05.53.37:913][  0]LogConfig: Applying CVar settings from Section [ShadowQuality@3] File [C:/Github/UELess5/Saved/Config/Windows/Scalability.ini]
[2024.07.20-05.53.37:913][  0]LogConfig: Setting CVar [[r.LightFunctionQuality:1]]
[2024.07.20-05.53.37:913][  0]LogConfig: Setting CVar [[r.ShadowQuality:5]]
[2024.07.20-05.53.37:913][  0]LogConfig: Setting CVar [[r.Shadow.CSM.MaxCascades:10]]
[2024.07.20-05.53.37:913][  0]LogConfig: Setting CVar [[r.Shadow.MaxResolution:2048]]
[2024.07.20-05.53.37:913][  0]LogConfig: Setting CVar [[r.Shadow.MaxCSMResolution:2048]]
[2024.07.20-05.53.37:913][  0]LogConfig: Setting CVar [[r.Shadow.RadiusThreshold:0.01]]
[2024.07.20-05.53.37:913][  0]LogConfig: Setting CVar [[r.Shadow.DistanceScale:1.0]]
[2024.07.20-05.53.37:913][  0]LogConfig: Setting CVar [[r.Shadow.CSM.TransitionScale:1.0]]
[2024.07.20-05.53.37:913][  0]LogConfig: Setting CVar [[r.Shadow.PreShadowResolutionFactor:1.0]]
[2024.07.20-05.53.37:913][  0]LogConfig: Setting CVar [[r.DistanceFieldShadowing:1]]
[2024.07.20-05.53.37:913][  0]LogConfig: Setting CVar [[r.DistanceFieldAO:1]]
[2024.07.20-05.53.37:913][  0]LogConfig: Setting CVar [[r.AOQuality:2]]
[2024.07.20-05.53.37:913][  0]LogConfig: Setting CVar [[r.VolumetricFog:1]]
[2024.07.20-05.53.37:913][  0]LogConfig: Setting CVar [[r.VolumetricFog.GridPixelSize:8]]
[2024.07.20-05.53.37:913][  0]LogConfig: Setting CVar [[r.VolumetricFog.GridSizeZ:128]]
[2024.07.20-05.53.37:913][  0]LogConfig: Setting CVar [[r.VolumetricFog.HistoryMissSupersampleCount:4]]
[2024.07.20-05.53.37:913][  0]LogConfig: Setting CVar [[r.LightMaxDrawDistanceScale:1]]
[2024.07.20-05.53.37:913][  0]LogConfig: Setting CVar [[r.CapsuleShadows:1]]
[2024.07.20-05.53.37:913][  0]LogConfig: Applying CVar settings from Section [PostProcessQuality@3] File [C:/Github/UELess5/Saved/Config/Windows/Scalability.ini]
[2024.07.20-05.53.37:913][  0]LogConfig: Setting CVar [[r.MotionBlurQuality:4]]
[2024.07.20-05.53.37:913][  0]LogConfig: Setting CVar [[r.AmbientOcclusionMipLevelFactor:0.4]]
[2024.07.20-05.53.37:913][  0]LogConfig: Setting CVar [[r.AmbientOcclusionMaxQuality:100]]
[2024.07.20-05.53.37:913][  0]LogConfig: Setting CVar [[r.AmbientOcclusionLevels:-1]]
[2024.07.20-05.53.37:913][  0]LogConfig: Setting CVar [[r.AmbientOcclusionRadiusScale:1.0]]
[2024.07.20-05.53.37:913][  0]LogConfig: Setting CVar [[r.DepthOfFieldQuality:2]]
[2024.07.20-05.53.37:913][  0]LogConfig: Setting CVar [[r.RenderTargetPoolMin:400]]
[2024.07.20-05.53.37:913][  0]LogConfig: Setting CVar [[r.LensFlareQuality:2]]
[2024.07.20-05.53.37:913][  0]LogConfig: Setting CVar [[r.SceneColorFringeQuality:1]]
[2024.07.20-05.53.37:913][  0]LogConfig: Setting CVar [[r.EyeAdaptationQuality:2]]
[2024.07.20-05.53.37:913][  0]LogConfig: Setting CVar [[r.BloomQuality:5]]
[2024.07.20-05.53.37:913][  0]LogConfig: Setting CVar [[r.FastBlurThreshold:100]]
[2024.07.20-05.53.37:913][  0]LogConfig: Setting CVar [[r.Upscale.Quality:3]]
[2024.07.20-05.53.37:913][  0]LogConfig: Setting CVar [[r.Tonemapper.GrainQuantization:1]]
[2024.07.20-05.53.37:913][  0]LogConfig: Setting CVar [[r.LightShaftQuality:1]]
[2024.07.20-05.53.37:913][  0]LogConfig: Setting CVar [[r.Filter.SizeScale:1]]
[2024.07.20-05.53.37:913][  0]LogConfig: Setting CVar [[r.Tonemapper.Quality:5]]
[2024.07.20-05.53.37:913][  0]LogConfig: Setting CVar [[r.DOF.Gather.AccumulatorQuality:1        ; higher gathering accumulator quality]]
[2024.07.20-05.53.37:913][  0]LogConfig: Setting CVar [[r.DOF.Gather.PostfilterMethod:1          ; Median3x3 postfilering method]]
[2024.07.20-05.53.37:913][  0]LogConfig: Setting CVar [[r.DOF.Gather.EnableBokehSettings:0       ; no bokeh simulation when gathering]]
[2024.07.20-05.53.37:913][  0]LogConfig: Setting CVar [[r.DOF.Gather.RingCount:4                 ; medium number of samples when gathering]]
[2024.07.20-05.53.37:913][  0]LogConfig: Setting CVar [[r.DOF.Scatter.ForegroundCompositing:1    ; additive foreground scattering]]
[2024.07.20-05.53.37:913][  0]LogConfig: Setting CVar [[r.DOF.Scatter.BackgroundCompositing:2    ; additive background scattering]]
[2024.07.20-05.53.37:913][  0]LogConfig: Setting CVar [[r.DOF.Scatter.EnableBokehSettings:1      ; bokeh simulation when scattering]]
[2024.07.20-05.53.37:913][  0]LogConfig: Setting CVar [[r.DOF.Scatter.MaxSpriteRatio:0.1         ; only a maximum of 10% of scattered bokeh]]
[2024.07.20-05.53.37:913][  0]LogConfig: Setting CVar [[r.DOF.Recombine.Quality:1                ; cheap slight out of focus]]
[2024.07.20-05.53.37:913][  0]LogConfig: Setting CVar [[r.DOF.Recombine.EnableBokehSettings:0    ; no bokeh simulation on slight out of focus]]
[2024.07.20-05.53.37:913][  0]LogConfig: Setting CVar [[r.DOF.TemporalAAQuality:1                ; more stable temporal accumulation]]
[2024.07.20-05.53.37:913][  0]LogConfig: Setting CVar [[r.DOF.Kernel.MaxForegroundRadius:0.025]]
[2024.07.20-05.53.37:913][  0]LogConfig: Setting CVar [[r.DOF.Kernel.MaxBackgroundRadius:0.025]]
[2024.07.20-05.53.37:913][  0]LogConfig: Applying CVar settings from Section [TextureQuality@3] File [C:/Github/UELess5/Saved/Config/Windows/Scalability.ini]
[2024.07.20-05.53.37:913][  0]LogConfig: Setting CVar [[r.Streaming.MipBias:0]]
[2024.07.20-05.53.37:913][  0]LogConfig: Setting CVar [[r.Streaming.AmortizeCPUToGPUCopy:0]]
[2024.07.20-05.53.37:913][  0]LogConfig: Setting CVar [[r.Streaming.MaxNumTexturesToStreamPerFrame:0]]
[2024.07.20-05.53.37:913][  0]LogConfig: Setting CVar [[r.Streaming.Boost:1]]
[2024.07.20-05.53.37:913][  0]LogConfig: Setting CVar [[r.MaxAnisotropy:8]]
[2024.07.20-05.53.37:913][  0]LogConfig: Setting CVar [[r.VT.MaxAnisotropy:8]]
[2024.07.20-05.53.37:913][  0]LogConfig: Setting CVar [[r.Streaming.LimitPoolSizeToVRAM:0]]
[2024.07.20-05.53.37:913][  0]LogConfig: Setting CVar [[r.Streaming.PoolSize:1000]]
[2024.07.20-05.53.37:914][  0]LogConfig: Setting CVar [[r.Streaming.MaxEffectiveScreenSize:0]]
[2024.07.20-05.53.37:914][  0]LogConfig: Applying CVar settings from Section [EffectsQuality@3] File [C:/Github/UELess5/Saved/Config/Windows/Scalability.ini]
[2024.07.20-05.53.37:914][  0]LogConfig: Setting CVar [[r.TranslucencyLightingVolumeDim:64]]
[2024.07.20-05.53.37:914][  0]LogConfig: Setting CVar [[r.RefractionQuality:2]]
[2024.07.20-05.53.37:914][  0]LogConfig: Setting CVar [[r.SSR.Quality:3]]
[2024.07.20-05.53.37:914][  0]LogConfig: Setting CVar [[r.SSR.HalfResSceneColor:0]]
[2024.07.20-05.53.37:914][  0]LogConfig: Setting CVar [[r.SceneColorFormat:4]]
[2024.07.20-05.53.37:914][  0]LogConfig: Setting CVar [[r.DetailMode:2]]
[2024.07.20-05.53.37:914][  0]LogConfig: Setting CVar [[r.TranslucencyVolumeBlur:1]]
[2024.07.20-05.53.37:914][  0]LogConfig: Setting CVar [[r.MaterialQualityLevel:1 ; High quality]]
[2024.07.20-05.53.37:914][  0]LogConfig: Setting CVar [[r.AnisotropicMaterials:1]]
[2024.07.20-05.53.37:914][  0]LogConfig: Setting CVar [[r.SSS.Scale:1]]
[2024.07.20-05.53.37:914][  0]LogConfig: Setting CVar [[r.SSS.SampleSet:2]]
[2024.07.20-05.53.37:914][  0]LogConfig: Setting CVar [[r.SSS.Quality:1]]
[2024.07.20-05.53.37:914][  0]LogConfig: Setting CVar [[r.SSS.HalfRes:0]]
[2024.07.20-05.53.37:914][  0]LogConfig: Setting CVar [[r.SSGI.Quality:3]]
[2024.07.20-05.53.37:914][  0]LogConfig: Setting CVar [[r.EmitterSpawnRateScale:1.0]]
[2024.07.20-05.53.37:914][  0]LogConfig: Setting CVar [[r.ParticleLightQuality:2]]
[2024.07.20-05.53.37:914][  0]LogConfig: Setting CVar [[r.SkyAtmosphere.AerialPerspectiveLUT.FastApplyOnOpaque:1 ; Always have FastSkyLUT 1 in this case to avoid wrong sky]]
[2024.07.20-05.53.37:914][  0]LogConfig: Setting CVar [[r.SkyAtmosphere.AerialPerspectiveLUT.SampleCountMaxPerSlice:4]]
[2024.07.20-05.53.37:914][  0]LogConfig: Setting CVar [[r.SkyAtmosphere.AerialPerspectiveLUT.DepthResolution:16.0]]
[2024.07.20-05.53.37:914][  0]LogConfig: Setting CVar [[r.SkyAtmosphere.FastSkyLUT:1]]
[2024.07.20-05.53.37:914][  0]LogConfig: Setting CVar [[r.SkyAtmosphere.FastSkyLUT.SampleCountMin:4.0]]
[2024.07.20-05.53.37:914][  0]LogConfig: Setting CVar [[r.SkyAtmosphere.FastSkyLUT.SampleCountMax:128.0]]
[2024.07.20-05.53.37:914][  0]LogConfig: Setting CVar [[r.SkyAtmosphere.SampleCountMin:4.0]]
[2024.07.20-05.53.37:914][  0]LogConfig: Setting CVar [[r.SkyAtmosphere.SampleCountMax:128.0]]
[2024.07.20-05.53.37:914][  0]LogConfig: Setting CVar [[r.SkyAtmosphere.TransmittanceLUT.UseSmallFormat:0]]
[2024.07.20-05.53.37:914][  0]LogConfig: Setting CVar [[r.SkyAtmosphere.TransmittanceLUT.SampleCount:10.0]]
[2024.07.20-05.53.37:914][  0]LogConfig: Setting CVar [[r.SkyAtmosphere.MultiScatteringLUT.SampleCount:15.0]]
[2024.07.20-05.53.37:914][  0]LogConfig: Setting CVar [[r.SkyLight.RealTimeReflectionCapture:1]]
[2024.07.20-05.53.37:914][  0]LogConfig: Applying CVar settings from Section [FoliageQuality@3] File [C:/Github/UELess5/Saved/Config/Windows/Scalability.ini]
[2024.07.20-05.53.37:914][  0]LogConfig: Setting CVar [[foliage.DensityScale:1.0]]
[2024.07.20-05.53.37:914][  0]LogConfig: Setting CVar [[grass.DensityScale:1.0]]
[2024.07.20-05.53.37:914][  0]LogConfig: Applying CVar settings from Section [ShadingQuality@3] File [C:/Github/UELess5/Saved/Config/Windows/Scalability.ini]
[2024.07.20-05.53.37:914][  0]LogConfig: Setting CVar [[r.HairStrands.SkyLighting.IntegrationType:2]]
[2024.07.20-05.53.37:914][  0]LogConfig: Setting CVar [[r.HairStrands.SkyAO.SampleCount:4]]
[2024.07.20-05.53.37:914][  0]LogConfig: Setting CVar [[r.HairStrands.Visibility.MSAA.SamplePerPixel:4]]
[2024.07.20-05.53.37:914][  0]LogInit: Selected Device Profile: [Windows]
[2024.07.20-05.53.37:914][  0]LogInit: Applying CVar settings loaded from the selected device profile: [Windows]
[2024.07.20-05.53.37:914][  0]LogHAL: Display: Platform has ~ 16 GB [17080381440 / 17179869184 / 16], which maps to Larger [LargestMinGB=32, LargerMinGB=12, DefaultMinGB=8, SmallerMinGB=6, SmallestMinGB=0)
[2024.07.20-05.53.37:914][  0]LogInit: Going up to parent DeviceProfile []
[2024.07.20-05.53.37:914][  0]LogConfig: Applying CVar settings from Section [ViewDistanceQuality@3] File [C:/Github/UELess5/Saved/Config/Windows/Scalability.ini]
[2024.07.20-05.53.37:914][  0]LogConfig: Setting CVar [[r.SkeletalMeshLODBias:0]]
[2024.07.20-05.53.37:914][  0]LogConfig: Setting CVar [[r.ViewDistanceScale:1.0]]
[2024.07.20-05.53.37:914][  0]LogConfig: Applying CVar settings from Section [AntiAliasingQuality@3] File [C:/Github/UELess5/Saved/Config/Windows/Scalability.ini]
[2024.07.20-05.53.37:914][  0]LogConfig: Setting CVar [[r.PostProcessAAQuality:4]]
[2024.07.20-05.53.37:914][  0]LogConfig: Applying CVar settings from Section [ShadowQuality@3] File [C:/Github/UELess5/Saved/Config/Windows/Scalability.ini]
[2024.07.20-05.53.37:914][  0]LogConfig: Setting CVar [[r.LightFunctionQuality:1]]
[2024.07.20-05.53.37:914][  0]LogConfig: Setting CVar [[r.ShadowQuality:5]]
[2024.07.20-05.53.37:914][  0]LogConfig: Setting CVar [[r.Shadow.CSM.MaxCascades:10]]
[2024.07.20-05.53.37:914][  0]LogConfig: Setting CVar [[r.Shadow.MaxResolution:2048]]
[2024.07.20-05.53.37:914][  0]LogConfig: Setting CVar [[r.Shadow.MaxCSMResolution:2048]]
[2024.07.20-05.53.37:914][  0]LogConfig: Setting CVar [[r.Shadow.RadiusThreshold:0.01]]
[2024.07.20-05.53.37:914][  0]LogConfig: Setting CVar [[r.Shadow.DistanceScale:1.0]]
[2024.07.20-05.53.37:914][  0]LogConfig: Setting CVar [[r.Shadow.CSM.TransitionScale:1.0]]
[2024.07.20-05.53.37:914][  0]LogConfig: Setting CVar [[r.Shadow.PreShadowResolutionFactor:1.0]]
[2024.07.20-05.53.37:914][  0]LogConfig: Setting CVar [[r.DistanceFieldShadowing:1]]
[2024.07.20-05.53.37:914][  0]LogConfig: Setting CVar [[r.DistanceFieldAO:1]]
[2024.07.20-05.53.37:914][  0]LogConfig: Setting CVar [[r.AOQuality:2]]
[2024.07.20-05.53.37:914][  0]LogConfig: Setting CVar [[r.VolumetricFog:1]]
[2024.07.20-05.53.37:914][  0]LogConfig: Setting CVar [[r.VolumetricFog.GridPixelSize:8]]
[2024.07.20-05.53.37:914][  0]LogConfig: Setting CVar [[r.VolumetricFog.GridSizeZ:128]]
[2024.07.20-05.53.37:914][  0]LogConfig: Setting CVar [[r.VolumetricFog.HistoryMissSupersampleCount:4]]
[2024.07.20-05.53.37:915][  0]LogConfig: Setting CVar [[r.LightMaxDrawDistanceScale:1]]
[2024.07.20-05.53.37:915][  0]LogConfig: Setting CVar [[r.CapsuleShadows:1]]
[2024.07.20-05.53.37:915][  0]LogConfig: Applying CVar settings from Section [PostProcessQuality@3] File [C:/Github/UELess5/Saved/Config/Windows/Scalability.ini]
[2024.07.20-05.53.37:915][  0]LogConfig: Setting CVar [[r.MotionBlurQuality:4]]
[2024.07.20-05.53.37:915][  0]LogConfig: Setting CVar [[r.AmbientOcclusionMipLevelFactor:0.4]]
[2024.07.20-05.53.37:915][  0]LogConfig: Setting CVar [[r.AmbientOcclusionMaxQuality:100]]
[2024.07.20-05.53.37:915][  0]LogConfig: Setting CVar [[r.AmbientOcclusionLevels:-1]]
[2024.07.20-05.53.37:915][  0]LogConfig: Setting CVar [[r.AmbientOcclusionRadiusScale:1.0]]
[2024.07.20-05.53.37:915][  0]LogConfig: Setting CVar [[r.DepthOfFieldQuality:2]]
[2024.07.20-05.53.37:915][  0]LogConfig: Setting CVar [[r.RenderTargetPoolMin:400]]
[2024.07.20-05.53.37:915][  0]LogConfig: Setting CVar [[r.LensFlareQuality:2]]
[2024.07.20-05.53.37:915][  0]LogConfig: Setting CVar [[r.SceneColorFringeQuality:1]]
[2024.07.20-05.53.37:915][  0]LogConfig: Setting CVar [[r.EyeAdaptationQuality:2]]
[2024.07.20-05.53.37:915][  0]LogConfig: Setting CVar [[r.BloomQuality:5]]
[2024.07.20-05.53.37:915][  0]LogConfig: Setting CVar [[r.FastBlurThreshold:100]]
[2024.07.20-05.53.37:915][  0]LogConfig: Setting CVar [[r.Upscale.Quality:3]]
[2024.07.20-05.53.37:915][  0]LogConfig: Setting CVar [[r.Tonemapper.GrainQuantization:1]]
[2024.07.20-05.53.37:915][  0]LogConfig: Setting CVar [[r.LightShaftQuality:1]]
[2024.07.20-05.53.37:915][  0]LogConfig: Setting CVar [[r.Filter.SizeScale:1]]
[2024.07.20-05.53.37:915][  0]LogConfig: Setting CVar [[r.Tonemapper.Quality:5]]
[2024.07.20-05.53.37:915][  0]LogConfig: Setting CVar [[r.DOF.Gather.AccumulatorQuality:1        ; higher gathering accumulator quality]]
[2024.07.20-05.53.37:915][  0]LogConfig: Setting CVar [[r.DOF.Gather.PostfilterMethod:1          ; Median3x3 postfilering method]]
[2024.07.20-05.53.37:915][  0]LogConfig: Setting CVar [[r.DOF.Gather.EnableBokehSettings:0       ; no bokeh simulation when gathering]]
[2024.07.20-05.53.37:915][  0]LogConfig: Setting CVar [[r.DOF.Gather.RingCount:4                 ; medium number of samples when gathering]]
[2024.07.20-05.53.37:915][  0]LogConfig: Setting CVar [[r.DOF.Scatter.ForegroundCompositing:1    ; additive foreground scattering]]
[2024.07.20-05.53.37:915][  0]LogConfig: Setting CVar [[r.DOF.Scatter.BackgroundCompositing:2    ; additive background scattering]]
[2024.07.20-05.53.37:915][  0]LogConfig: Setting CVar [[r.DOF.Scatter.EnableBokehSettings:1      ; bokeh simulation when scattering]]
[2024.07.20-05.53.37:915][  0]LogConfig: Setting CVar [[r.DOF.Scatter.MaxSpriteRatio:0.1         ; only a maximum of 10% of scattered bokeh]]
[2024.07.20-05.53.37:915][  0]LogConfig: Setting CVar [[r.DOF.Recombine.Quality:1                ; cheap slight out of focus]]
[2024.07.20-05.53.37:915][  0]LogConfig: Setting CVar [[r.DOF.Recombine.EnableBokehSettings:0    ; no bokeh simulation on slight out of focus]]
[2024.07.20-05.53.37:915][  0]LogConfig: Setting CVar [[r.DOF.TemporalAAQuality:1                ; more stable temporal accumulation]]
[2024.07.20-05.53.37:915][  0]LogConfig: Setting CVar [[r.DOF.Kernel.MaxForegroundRadius:0.025]]
[2024.07.20-05.53.37:915][  0]LogConfig: Setting CVar [[r.DOF.Kernel.MaxBackgroundRadius:0.025]]
[2024.07.20-05.53.37:915][  0]LogConfig: Applying CVar settings from Section [TextureQuality@3] File [C:/Github/UELess5/Saved/Config/Windows/Scalability.ini]
[2024.07.20-05.53.37:915][  0]LogConfig: Setting CVar [[r.Streaming.MipBias:0]]
[2024.07.20-05.53.37:915][  0]LogConfig: Setting CVar [[r.Streaming.AmortizeCPUToGPUCopy:0]]
[2024.07.20-05.53.37:915][  0]LogConfig: Setting CVar [[r.Streaming.MaxNumTexturesToStreamPerFrame:0]]
[2024.07.20-05.53.37:915][  0]LogConfig: Setting CVar [[r.Streaming.Boost:1]]
[2024.07.20-05.53.37:915][  0]LogConfig: Setting CVar [[r.MaxAnisotropy:8]]
[2024.07.20-05.53.37:915][  0]LogConfig: Setting CVar [[r.VT.MaxAnisotropy:8]]
[2024.07.20-05.53.37:915][  0]LogConfig: Setting CVar [[r.Streaming.LimitPoolSizeToVRAM:0]]
[2024.07.20-05.53.37:915][  0]LogConfig: Setting CVar [[r.Streaming.PoolSize:1000]]
[2024.07.20-05.53.37:915][  0]LogConfig: Setting CVar [[r.Streaming.MaxEffectiveScreenSize:0]]
[2024.07.20-05.53.37:915][  0]LogConfig: Applying CVar settings from Section [EffectsQuality@3] File [C:/Github/UELess5/Saved/Config/Windows/Scalability.ini]
[2024.07.20-05.53.37:915][  0]LogConfig: Setting CVar [[r.TranslucencyLightingVolumeDim:64]]
[2024.07.20-05.53.37:915][  0]LogConfig: Setting CVar [[r.RefractionQuality:2]]
[2024.07.20-05.53.37:915][  0]LogConfig: Setting CVar [[r.SSR.Quality:3]]
[2024.07.20-05.53.37:915][  0]LogConfig: Setting CVar [[r.SSR.HalfResSceneColor:0]]
[2024.07.20-05.53.37:915][  0]LogConfig: Setting CVar [[r.SceneColorFormat:4]]
[2024.07.20-05.53.37:915][  0]LogConfig: Setting CVar [[r.DetailMode:2]]
[2024.07.20-05.53.37:915][  0]LogConfig: Setting CVar [[r.TranslucencyVolumeBlur:1]]
[2024.07.20-05.53.37:915][  0]LogConfig: Setting CVar [[r.MaterialQualityLevel:1 ; High quality]]
[2024.07.20-05.53.37:915][  0]LogConfig: Setting CVar [[r.AnisotropicMaterials:1]]
[2024.07.20-05.53.37:915][  0]LogConfig: Setting CVar [[r.SSS.Scale:1]]
[2024.07.20-05.53.37:915][  0]LogConfig: Setting CVar [[r.SSS.SampleSet:2]]
[2024.07.20-05.53.37:915][  0]LogConfig: Setting CVar [[r.SSS.Quality:1]]
[2024.07.20-05.53.37:915][  0]LogConfig: Setting CVar [[r.SSS.HalfRes:0]]
[2024.07.20-05.53.37:915][  0]LogConfig: Setting CVar [[r.SSGI.Quality:3]]
[2024.07.20-05.53.37:915][  0]LogConfig: Setting CVar [[r.EmitterSpawnRateScale:1.0]]
[2024.07.20-05.53.37:915][  0]LogConfig: Setting CVar [[r.ParticleLightQuality:2]]
[2024.07.20-05.53.37:915][  0]LogConfig: Setting CVar [[r.SkyAtmosphere.AerialPerspectiveLUT.FastApplyOnOpaque:1 ; Always have FastSkyLUT 1 in this case to avoid wrong sky]]
[2024.07.20-05.53.37:915][  0]LogConfig: Setting CVar [[r.SkyAtmosphere.AerialPerspectiveLUT.SampleCountMaxPerSlice:4]]
[2024.07.20-05.53.37:915][  0]LogConfig: Setting CVar [[r.SkyAtmosphere.AerialPerspectiveLUT.DepthResolution:16.0]]
[2024.07.20-05.53.37:915][  0]LogConfig: Setting CVar [[r.SkyAtmosphere.FastSkyLUT:1]]
[2024.07.20-05.53.37:915][  0]LogConfig: Setting CVar [[r.SkyAtmosphere.FastSkyLUT.SampleCountMin:4.0]]
[2024.07.20-05.53.37:915][  0]LogConfig: Setting CVar [[r.SkyAtmosphere.FastSkyLUT.SampleCountMax:128.0]]
[2024.07.20-05.53.37:915][  0]LogConfig: Setting CVar [[r.SkyAtmosphere.SampleCountMin:4.0]]
[2024.07.20-05.53.37:915][  0]LogConfig: Setting CVar [[r.SkyAtmosphere.SampleCountMax:128.0]]
[2024.07.20-05.53.37:915][  0]LogConfig: Setting CVar [[r.SkyAtmosphere.TransmittanceLUT.UseSmallFormat:0]]
[2024.07.20-05.53.37:915][  0]LogConfig: Setting CVar [[r.SkyAtmosphere.TransmittanceLUT.SampleCount:10.0]]
[2024.07.20-05.53.37:915][  0]LogConfig: Setting CVar [[r.SkyAtmosphere.MultiScatteringLUT.SampleCount:15.0]]
[2024.07.20-05.53.37:915][  0]LogConfig: Setting CVar [[r.SkyLight.RealTimeReflectionCapture:1]]
[2024.07.20-05.53.37:915][  0]LogConfig: Applying CVar settings from Section [FoliageQuality@3] File [C:/Github/UELess5/Saved/Config/Windows/Scalability.ini]
[2024.07.20-05.53.37:915][  0]LogConfig: Setting CVar [[foliage.DensityScale:1.0]]
[2024.07.20-05.53.37:916][  0]LogConfig: Setting CVar [[grass.DensityScale:1.0]]
[2024.07.20-05.53.37:916][  0]LogConfig: Applying CVar settings from Section [ShadingQuality@3] File [C:/Github/UELess5/Saved/Config/Windows/Scalability.ini]
[2024.07.20-05.53.37:916][  0]LogConfig: Setting CVar [[r.HairStrands.SkyLighting.IntegrationType:2]]
[2024.07.20-05.53.37:916][  0]LogConfig: Setting CVar [[r.HairStrands.SkyAO.SampleCount:4]]
[2024.07.20-05.53.37:916][  0]LogConfig: Setting CVar [[r.HairStrands.Visibility.MSAA.SamplePerPixel:4]]
[2024.07.20-05.53.37:916][  0]LogConfig: Applying CVar settings from Section [Startup] File [../../../Engine/Config/ConsoleVariables.ini]
[2024.07.20-05.53.37:916][  0]LogConfig: Setting CVar [[net.UseAdaptiveNetUpdateFrequency:0]]
[2024.07.20-05.53.37:916][  0]LogConfig: Setting CVar [[p.chaos.AllowCreatePhysxBodies:1]]
[2024.07.20-05.53.37:916][  0]LogConfig: Setting CVar [[fx.SkipVectorVMBackendOptimizations:1]]
[2024.07.20-05.53.37:916][  0]LogConfig: Applying CVar settings from Section [ConsoleVariables] File [C:/Github/UELess5/Saved/Config/Windows/Engine.ini]
[2024.07.20-05.53.37:916][  0]LogConfig: Applying CVar settings from Section [ConsoleVariables] File [C:/Github/UELess5/Saved/Config/Windows/Editor.ini]
[2024.07.20-05.53.37:916][  0]LogInit: Computer: DESKTOP-P1ASVLE
[2024.07.20-05.53.37:916][  0]LogInit: User: pelme
[2024.07.20-05.53.37:916][  0]LogInit: CPU Page size=4096, Cores=12
[2024.07.20-05.53.37:916][  0]LogInit: High frequency timer resolution =10.000000 MHz
[2024.07.20-05.53.37:916][  0]LogMemory: Memory total: Physical=15.9GB (16GB approx)
[2024.07.20-05.53.37:916][  0]LogMemory: Platform Memory Stats for Windows
[2024.07.20-05.53.37:916][  0]LogMemory: Process Physical Memory: 153.36 MB used, 153.36 MB peak
[2024.07.20-05.53.37:916][  0]LogMemory: Process Virtual Memory: 134.11 MB used, 134.11 MB peak
[2024.07.20-05.53.37:916][  0]LogMemory: Physical Memory: 8110.21 MB used,  8178.91 MB free, 16289.12 MB total
[2024.07.20-05.53.37:916][  0]LogMemory: Virtual Memory: 134197440.00 MB used,  20289.05 MB free, 134217728.00 MB total
[2024.07.20-05.53.37:924][  0]LogWindows: WindowsPlatformFeatures enabled
[2024.07.20-05.53.37:984][  0]LogInit: Physics initialised using underlying interface: PhysX
[2024.07.20-05.53.37:985][  0]LogInit: Using OS detected language (ru-RU).
[2024.07.20-05.53.37:985][  0]LogInit: Using OS detected locale (ru-RU).
[2024.07.20-05.53.37:989][  0]LogTextLocalizationManager: No specific localization for 'ru-RU' exists, so the 'ru' localization will be used.
[2024.07.20-05.53.37:990][  0]LogTextLocalizationResource: LocRes '../../../Engine/Content/Localization/Editor/ru/Editor.locres' could not be opened for reading!
[2024.07.20-05.53.37:990][  0]LogTextLocalizationResource: LocRes '../../../Engine/Content/Localization/EditorTutorials/ru/EditorTutorials.locres' could not be opened for reading!
[2024.07.20-05.53.37:990][  0]LogTextLocalizationResource: LocRes '../../../Engine/Content/Localization/Keywords/ru/Keywords.locres' could not be opened for reading!
[2024.07.20-05.53.37:990][  0]LogTextLocalizationResource: LocRes '../../../Engine/Content/Localization/Category/ru/Category.locres' could not be opened for reading!
[2024.07.20-05.53.37:990][  0]LogTextLocalizationResource: LocRes '../../../Engine/Content/Localization/ToolTips/ru/ToolTips.locres' could not be opened for reading!
[2024.07.20-05.53.37:990][  0]LogTextLocalizationResource: LocRes '../../../Engine/Content/Localization/PropertyNames/ru/PropertyNames.locres' could not be opened for reading!
[2024.07.20-05.53.37:991][  0]LogTextLocalizationResource: LocRes '../../../Engine/Content/Localization/Engine/ru/Engine.locres' could not be opened for reading!
[2024.07.20-05.53.37:992][  0]LogInit: Setting process to per monitor DPI aware
[2024.07.20-05.53.38:018][  0]LogWindowsTextInputMethodSystem: Display: IME system deactivated.
[2024.07.20-05.53.38:041][  0]LogSlate: New Slate User Created.  User Index 0, Is Virtual User: 0
[2024.07.20-05.53.38:041][  0]LogSlate: Slate User Registered.  User Index 0, Is Virtual User: 0
[2024.07.20-05.53.38:227][  0]LogD3D11RHI: Loaded GFSDK_Aftermath_Lib.x64.dll
[2024.07.20-05.53.38:230][  0]LogHMD: Failed to initialize OpenVR with code 110
[2024.07.20-05.53.38:230][  0]LogD3D11RHI: D3D11 min allowed feature level: 11_0
[2024.07.20-05.53.38:230][  0]LogD3D11RHI: D3D11 max allowed feature level: 11_0
[2024.07.20-05.53.38:230][  0]LogD3D11RHI: D3D11 adapters:
[2024.07.20-05.53.38:431][  0]LogD3D11RHI:    0. 'NVIDIA GeForce RTX 3060' (Feature Level 11_0)
[2024.07.20-05.53.38:431][  0]LogD3D11RHI:       12115/0/8144 MB DedicatedVideo/DedicatedSystem/SharedSystem, Outputs:2, VendorId:0x10de
[2024.07.20-05.53.38:434][  0]LogD3D11RHI:    1. 'Microsoft Basic Render Driver' (Feature Level 11_0)
[2024.07.20-05.53.38:434][  0]LogD3D11RHI:       0/0/8144 MB DedicatedVideo/DedicatedSystem/SharedSystem, Outputs:0, VendorId:0x1414
[2024.07.20-05.53.38:434][  0]LogD3D11RHI: Chosen D3D11 Adapter:
[2024.07.20-05.53.38:434][  0]LogD3D11RHI:     Description : NVIDIA GeForce RTX 3060
[2024.07.20-05.53.38:434][  0]LogD3D11RHI:     VendorId    : 10de
[2024.07.20-05.53.38:434][  0]LogD3D11RHI:     DeviceId    : 2504
[2024.07.20-05.53.38:434][  0]LogD3D11RHI:     SubSysId    : 153610de
[2024.07.20-05.53.38:434][  0]LogD3D11RHI:     Revision    : 00a1
[2024.07.20-05.53.38:434][  0]LogD3D11RHI:     DedicatedVideoMemory : 12703498240 bytes
[2024.07.20-05.53.38:434][  0]LogD3D11RHI:     DedicatedSystemMemory : 0 bytes
[2024.07.20-05.53.38:434][  0]LogD3D11RHI:     SharedSystemMemory : 8540190720 bytes
[2024.07.20-05.53.38:434][  0]LogD3D11RHI:     AdapterLuid : 0 73996
[2024.07.20-05.53.38:441][  0]LogD3D11RHI: Creating new Direct3DDevice
[2024.07.20-05.53.38:441][  0]LogD3D11RHI:     GPU DeviceId: 0x2504 (for the marketing name, search the web for "GPU Device Id")
[2024.07.20-05.53.38:441][  0]LogWindows: EnumDisplayDevices:
[2024.07.20-05.53.38:441][  0]LogWindows:    0. 'NVIDIA GeForce RTX 3060' (P:1 D:1)
[2024.07.20-05.53.38:441][  0]LogWindows:    1. 'NVIDIA GeForce RTX 3060' (P:0 D:1)
[2024.07.20-05.53.38:442][  0]LogWindows:    2. 'NVIDIA GeForce RTX 3060' (P:0 D:0)
[2024.07.20-05.53.38:442][  0]LogWindows:    3. 'NVIDIA GeForce RTX 3060' (P:0 D:0)
[2024.07.20-05.53.38:442][  0]LogWindows: DebugString: FoundDriverCount:4 
[2024.07.20-05.53.38:442][  0]LogD3D11RHI:     Adapter Name: NVIDIA GeForce RTX 3060
[2024.07.20-05.53.38:442][  0]LogD3D11RHI:   Driver Version: 560.70 (internal:32.0.15.6070, unified:560.70)
[2024.07.20-05.53.38:442][  0]LogD3D11RHI:      Driver Date: 7-10-2024
[2024.07.20-05.53.38:442][  0]LogRHI: Texture pool is 8480 MB (70% of 12115 MB)
[2024.07.20-05.53.38:442][  0]LogD3D11RHI: Creating D3DDevice using adapter:
[2024.07.20-05.53.38:442][  0]LogD3D11RHI:     Description : NVIDIA GeForce RTX 3060
[2024.07.20-05.53.38:442][  0]LogD3D11RHI:     VendorId    : 10de
[2024.07.20-05.53.38:442][  0]LogD3D11RHI:     DeviceId    : 2504
[2024.07.20-05.53.38:442][  0]LogD3D11RHI:     SubSysId    : 153610de
[2024.07.20-05.53.38:442][  0]LogD3D11RHI:     Revision    : 00a1
[2024.07.20-05.53.38:442][  0]LogD3D11RHI:     DedicatedVideoMemory : 12703498240 bytes
[2024.07.20-05.53.38:442][  0]LogD3D11RHI:     DedicatedSystemMemory : 0 bytes
[2024.07.20-05.53.38:442][  0]LogD3D11RHI:     SharedSystemMemory : 8540190720 bytes
[2024.07.20-05.53.38:442][  0]LogD3D11RHI:     AdapterLuid : 0 73996
[2024.07.20-05.53.38:612][  0]LogD3D11RHI: RHI has support for 64 bit atomics
[2024.07.20-05.53.38:612][  0]LogD3D11RHI: Async texture creation enabled
[2024.07.20-05.53.38:612][  0]LogD3D11RHI: Array index from any shader is supported
[2024.07.20-05.53.38:638][  0]LogD3D11RHI: GPU Timing Frequency: 1000.000000 (Debug: 2 1)
[2024.07.20-05.53.38:694][  0]LogRHI: GeForceNow SDK initialized: 1
[2024.07.20-05.53.39:161][  0]LogTargetPlatformManager: Display: Loaded TargetPlatform 'AllDesktop'
[2024.07.20-05.53.39:201][  0]LogTargetPlatformManager: Display: Loaded TargetPlatform 'Android'
[2024.07.20-05.53.39:201][  0]LogTargetPlatformManager: Display: Loaded TargetPlatform 'Android_ASTC'
[2024.07.20-05.53.39:201][  0]LogTargetPlatformManager: Display: Loaded TargetPlatform 'Android_DXT'
[2024.07.20-05.53.39:201][  0]LogTargetPlatformManager: Display: Loaded TargetPlatform 'Android_ETC2'
[2024.07.20-05.53.39:201][  0]LogTargetPlatformManager: Display: Loaded TargetPlatform 'AndroidClient'
[2024.07.20-05.53.39:201][  0]LogTargetPlatformManager: Display: Loaded TargetPlatform 'Android_ASTCClient'
[2024.07.20-05.53.39:201][  0]LogTargetPlatformManager: Display: Loaded TargetPlatform 'Android_DXTClient'
[2024.07.20-05.53.39:201][  0]LogTargetPlatformManager: Display: Loaded TargetPlatform 'Android_ETC2Client'
[2024.07.20-05.53.39:201][  0]LogTargetPlatformManager: Display: Loaded TargetPlatform 'Android_Multi'
[2024.07.20-05.53.39:201][  0]LogTargetPlatformManager: Display: Loaded TargetPlatform 'Android_MultiClient'
[2024.07.20-05.53.39:249][  0]LogTargetPlatformManager: Display: Loaded TargetPlatform 'IOSClient'
[2024.07.20-05.53.39:249][  0]LogTargetPlatformManager: Display: Loaded TargetPlatform 'IOS'
[2024.07.20-05.53.39:262][  0]LogTargetPlatformManager: Display: Loaded TargetPlatform 'Linux'
[2024.07.20-05.53.39:271][  0]LogTargetPlatformManager: Display: Loaded TargetPlatform 'LinuxNoEditor'
[2024.07.20-05.53.39:277][  0]LogTargetPlatformManager: Display: Loaded TargetPlatform 'LinuxClient'
[2024.07.20-05.53.39:283][  0]LogTargetPlatformManager: Display: Loaded TargetPlatform 'LinuxServer'
[2024.07.20-05.53.39:296][  0]LogTargetPlatformManager: Display: Loaded TargetPlatform 'LinuxAArch64NoEditor'
[2024.07.20-05.53.39:302][  0]LogTargetPlatformManager: Display: Loaded TargetPlatform 'LinuxAArch64Client'
[2024.07.20-05.53.39:308][  0]LogTargetPlatformManager: Display: Loaded TargetPlatform 'LinuxAArch64Server'
[2024.07.20-05.53.39:340][  0]LogTargetPlatformManager: Display: Loaded TargetPlatform 'Lumin'
[2024.07.20-05.53.39:340][  0]LogTargetPlatformManager: Display: Loaded TargetPlatform 'LuminClient'
[2024.07.20-05.53.39:352][  0]LogTargetPlatformManager: Display: Loaded TargetPlatform 'MacNoEditor'
[2024.07.20-05.53.39:360][  0]LogTargetPlatformManager: Display: Loaded TargetPlatform 'Mac'
[2024.07.20-05.53.39:366][  0]LogTargetPlatformManager: Display: Loaded TargetPlatform 'MacClient'
[2024.07.20-05.53.39:372][  0]LogTargetPlatformManager: Display: Loaded TargetPlatform 'MacServer'
[2024.07.20-05.53.39:385][  0]LogTargetPlatformManager: Display: Loaded TargetPlatform 'TVOSClient'
[2024.07.20-05.53.39:385][  0]LogTargetPlatformManager: Display: Loaded TargetPlatform 'TVOS'
[2024.07.20-05.53.39:397][  0]LogTargetPlatformManager: Display: Loaded TargetPlatform 'WindowsNoEditor'
[2024.07.20-05.53.39:403][  0]LogTargetPlatformManager: Display: Loaded TargetPlatform 'Windows'
[2024.07.20-05.53.39:409][  0]LogTargetPlatformManager: Display: Loaded TargetPlatform 'WindowsClient'
[2024.07.20-05.53.39:415][  0]LogTargetPlatformManager: Display: Loaded TargetPlatform 'WindowsServer'
[2024.07.20-05.53.39:415][  0]LogTargetPlatformManager: Display: Building Assets For Windows
[2024.07.20-05.53.39:425][  0]LogAudioDebug: Display: Lib vorbis DLL was dynamically loaded.
[2024.07.20-05.53.39:471][  0]LogTextureFormatOodle: Display: Oodle Texture 2.9.0 init RDO Off
[2024.07.20-05.53.39:515][  0]LogRendererCore: Ray tracing is disabled. Reason: r.RayTracing=0.
[2024.07.20-05.53.39:515][  0]LogShaderCompilers: Guid format shader working directory is 13 characters bigger than the processId version (../../../../../../Github/UELess5/Intermediate/Shaders/WorkingDirectory/11872/).
[2024.07.20-05.53.39:515][  0]LogShaderCompilers: Cleaned the shader compiler working directory 'C:/Users/pelme/AppData/Local/Temp/UnrealShaderWorkingDir/537AF9344AD00528C34224B1C707D7A2/'.
[2024.07.20-05.53.39:515][  0]LogXGEController: Cannot use XGE Controller as Incredibuild is not installed on this machine.
[2024.07.20-05.53.39:515][  0]LogShaderCompilers: Cannot use XGE Shader Compiler as Incredibuild is not installed on this machine.
[2024.07.20-05.53.39:515][  0]LogShaderCompilers: Display: Using Local Shader Compiler.
[2024.07.20-05.53.40:461][  0]LogDerivedDataCache: Display: Max Cache Size: 512 MB
[2024.07.20-05.53.40:538][  0]LogDerivedDataCache: Loaded boot cache 0.08s 94MB C:/Users/pelme/AppData/Local/UnrealEngine/4.27/DerivedDataCache/Boot.ddc.
[2024.07.20-05.53.40:539][  0]LogDerivedDataCache: Display: Loaded Boot cache: C:/Users/pelme/AppData/Local/UnrealEngine/4.27/DerivedDataCache/Boot.ddc
[2024.07.20-05.53.40:539][  0]LogDerivedDataCache: FDerivedDataBackendGraph:  Pak pak cache file ../../../../../../Github/UELess5/DerivedDataCache/DDC.ddp not found, will not use a pak cache.
[2024.07.20-05.53.40:539][  0]LogDerivedDataCache: Unable to find inner node Pak for hierarchical cache Hierarchy.
[2024.07.20-05.53.40:539][  0]LogDerivedDataCache: FDerivedDataBackendGraph:  CompressedPak pak cache file ../../../../../../Github/UELess5/DerivedDataCache/Compressed.ddp not found, will not use a pak cache.
[2024.07.20-05.53.40:539][  0]LogDerivedDataCache: Unable to find inner node CompressedPak for hierarchical cache Hierarchy.
[2024.07.20-05.53.40:559][  0]LogDerivedDataCache: Display: Pak cache opened for reading ../../../Engine/DerivedDataCache/Compressed.ddp.
[2024.07.20-05.53.40:559][  0]LogDerivedDataCache: FDerivedDataBackendGraph:  EnterprisePak pak cache file ../../../Enterprise/DerivedDataCache/Compressed.ddp not found, will not use a pak cache.
[2024.07.20-05.53.40:559][  0]LogDerivedDataCache: Unable to find inner node EnterprisePak for hierarchical cache Hierarchy.
[2024.07.20-05.53.40:567][  0]LogDerivedDataCache: Speed tests for C:/Users/pelme/AppData/Local/UnrealEngine/Common/DerivedDataCache took 0.01 seconds
[2024.07.20-05.53.40:567][  0]LogDerivedDataCache: Display: Performance to C:/Users/pelme/AppData/Local/UnrealEngine/Common/DerivedDataCache: Latency=0.04ms. RandomReadSpeed=824.92MBs, RandomWriteSpeed=172.27MBs. Assigned SpeedClass 'Local'
[2024.07.20-05.53.40:568][  0]LogDerivedDataCache: Using Local data cache path C:/Users/pelme/AppData/Local/UnrealEngine/Common/DerivedDataCache: Writable
[2024.07.20-05.53.40:568][  0]LogDerivedDataCache: Shared data cache path not found in *engine.ini, will not use an Shared cache.
[2024.07.20-05.53.40:568][  0]LogDerivedDataCache: Unable to find inner node Shared for hierarchical cache Hierarchy.
[2024.07.20-05.53.40:625][  0]LogSlate: Using FreeType 2.10.0
[2024.07.20-05.53.40:625][  0]LogSlate: SlateFontServices - WITH_FREETYPE: 1, WITH_HARFBUZZ: 1
[2024.07.20-05.53.40:669][  0]LogAssetRegistry: FAssetRegistry took 0.0037 seconds to start up
[2024.07.20-05.53.40:978][  0]LogInit: Selected Device Profile: [Windows]
[2024.07.20-05.53.40:978][  0]LogInit: Active device profile: [000001B219EB3F00][000001B2196CB400 49] Windows
[2024.07.20-05.53.40:978][  0]LogInit: Profiles: [000001B219EB3F00][000001B2196CB400 49] Windows, [000001B219EBFF00][000001B212E85580 49] WindowsNoEditor, [000001B219EB0200][000001B212E89700 49] WindowsServer, [000001B219EBC600][000001B212E8D880 49] WindowsClient, [000001B219EB3900][000001B212E91A00 49] IOS, [000001B219EBF800][000001B212E95B80 49] iPadAir, [000001B219EB0700][000001B212E98180 49] iPadAir2, [000001B219E74B00][000001B212E80400 49] IPadPro, [000001B219E74C00][000001B212E9C440 49] iPadAir3, [000001B219EB2100][000001B212EA0580 49] iPadAir4, [000001B219E74700][000001B212EA46C0 49] iPadMini2, [000001B219EB0900][000001B212EAC840 49] iPadMini3, [000001B219E75600][000001B212EB09C0 49] iPadMini4, [000001B219EB2F00][000001B212EB4B40 49] iPadMini5, [000001B219EBD300][000001B212EBCE00 49] iPhone6, [000001B219EBD400][000001B212EB8E40 49] iPodTouch6, [000001B219E75500][000001B212EC5100 49] iPhone7, [000001B219E77800][000001B212EC1140 49] iPodTouch7, [000001B219EBC900][000001B212EC92C0 49] iPhone5S, [000001B219E76D00][000001B212ECD440 49] iPhone6Plus, [000001B219EBC500][000001B212ED15C0 49] iPhone6S, [000001B219E74600][000001B212ED5740 49] iPhone6SPlus, [000001B219EBF300][000001B212ED98C0 49] iPhone7Plus, [000001B219E75700][000001B212EDDA40 49] iPhoneSE, [000001B219EBDE00][000001B212EE1BC0 49] iPhone8, [000001B219E76A00][000001B212EE41C0 49] iPhone8Plus, [000001B219EBEF00][000001B212EE8340 49] iPhoneX, [000001B219E75B00][000001B212EEC4C0 49] iPhoneXS, [000001B219EBD100][000001B212EA8600 49] iPhoneXSMax, [000001B219E74F00][000001B212EF0740 49] iPhoneXR, [000001B219EBE600][000001B212EF4880 49] iPhone11, [000001B219E76400][000001B212EF89C0 49] iPhone11Pro, [000001B219EBD500][000001B21B532B40 49] iPhone11ProMax, [000001B219E74200][000001B21B536CC0 49] iPhoneSE2, [000001B219EBC200][000001B21B53AE40 49] iPhone12Mini, [000001B219E77E00][000001B21B53EFC0 49] iPhone12, [000001B219EBFD00][000001B21B543140 49] iPhone12Pro, [000001B219E77500][000001B21B5472C0 49] iPhone12ProMax, [000001B219EBF200][000001B21B54B440 49] iPadPro105, [000001B219E75900][000001B21B54F5C0 49] iPadPro129, [000001B219EBEA00][000001B21B553740 49] iPadPro97, [000001B219E76100][000001B21B55B8C0 49] iPadPro2_129, [000001B219EBD800][000001B21B55FA40 49] iPad5, [000001B219E76B00][000001B21B5D3BC0 49] iPad6, [000001B219EBE800][000001B21B60A1C0 49] iPad7, [000001B219E76F00][000001B21B612340 49] iPad8, [000001B219EBC700][000001B21B6164C0 49] iPadPro11, [000001B219E75E00][000001B21B61A640 49] iPadPro2_11, [000001B219EBCB00][000001B212EFC780 49] iPadPro3_129, [000001B219E74500][000001B21B68A8C0 49] iPadPro4_129, [000001B219EBD900][000001B21B68EA00 49] AppleTV, [000001B219E77900][000001B21B692B40 49] AppleTV4K, [000001B219EBE500][000001B21B69ACC0 49] TVOS, [000001B219E75F00][000001B21B69EE40 49] Mac, [000001B219EBE200][000001B21B6ACFC0 49] MacClient, [000001B219E75400][000001B21B6BB140 49] MacNoEditor, [000001B219EBDA00][000001B21B6CF2C0 49] MacServer, [000001B219E76600][000001B21B705440 49] Linux, [000001B219EBEB00][000001B21B74B5C0 49] LinuxAArch64, [000001B219E77200][000001B21B761740 49] LinuxNoEditor, [000001B219EBCF00][000001B21B7698C0 49] LinuxAArch64NoEditor, [000001B219E77000][000001B21B833A40 49] LinuxClient, [000001B219EBCA00][000001B21B83BBC0 49] LinuxAArch64Client, [000001B219E76500][000001B21B8801C0 49] LinuxServer, [000001B219EBFE00][000001B21B884340 49] LinuxAArch64Server, [000001B219E76000][000001B21B8884C0 49] Android, [000001B219EBCE00][000001B21B88C640 49] Android_Low, [000001B219E77F00][000001B21B8907C0 49] Android_Mid, [000001B219EB1200][000001B21B894940 49] Android_High, [000001B219F48800][000001B21B696A80 49] Android_Default, [000001B219EB3600][000001B21B898BC0 49] Android_Adreno4xx, [000001B219F4AE00][000001B21B89CD00 49] Android_Adreno5xx_Low, [000001B219EB0600][000001B21B8A4E80 49] Android_Adreno5xx, [000001B219F49500][000001B21B8A9000 49] Android_Adreno6xx, [000001B219EB3A00][000001B21B941180 49] Android_Adreno6xx_Vulkan, [000001B219F48C00][000001B21B945300 49] Android_Mali_T6xx, [000001B219EB0E00][000001B21B949480 49] Android_Mali_T7xx, [000001B219F49C00][000001B21B94D600 49] Android_Mali_T8xx, [000001B219EB1600][000001B21B951780 49] Android_Mali_G71, [000001B219F49000][000001B21B955900 49] Android_Mali_G72, [000001B219EB1E00][000001B21BA15A80 49] Android_Mali_G72_Vulkan, [000001B219F4A800][000001B21BA19C00 49] Android_Mali_G76, [000001B219EB0A00][000001B21BA1C200 49] Android_Mali_G76_Vulkan, [000001B219F49800][000001B21BA24380 49] Android_Mali_G77, [000001B219EB3200][000001B21BA28500 49] Android_Mali_G77_Vulkan, [000001B219F4A500][000001B21BA2C680 49] Android_Mali_G78, [000001B219EB3300][000001B21BA30800 49] Android_Mali_G78_Vulkan, [000001B219F49400][000001B21BAE6980 49] Android_Mali_G710, [000001B219E76C00][000001B21BAEAB00 49] Android_Mali_G710_Vulkan, [000001B219F49B00][000001B21B8A0C40 49] Android_Vulkan_SM5, [000001B219E75D00][000001B21C40AD80 49] Android_PowerVR_G6xxx, [000001B219F4A200][000001B21C4A4EC0 49] Android_PowerVR_GT7xxx, [000001B219E76300][000001B21C4B9040 49] Android_PowerVR_GE8xxx, [000001B219F49100][000001B21C5811C0 49] Android_PowerVR_GM9xxx, [000001B219E74D00][000001B21B623340 49] Android_PowerVR_GM9xxx_Vulkan, [000001B219F48300][000001B21B6274C0 49] Android_TegraK1, [000001B219E77B00][000001B21B62B640 49] Android_Unknown_Vulkan, [000001B219F48600][000001B21B62F7C0 49] Lumin, [000001B219E75000][000001B21B633940 49] Lumin_Desktop, [000001B219F48B00][000001B21B637AC0 49] HoloLens, 
[2024.07.20-05.53.41:147][  0]LogMeshReduction: Using QuadricMeshReduction for automatic static mesh reduction
[2024.07.20-05.53.41:147][  0]LogMeshReduction: Using SimplygonMeshReduction for automatic skeletal mesh reduction
[2024.07.20-05.53.41:147][  0]LogMeshReduction: Using ProxyLODMeshReduction for automatic mesh merging
[2024.07.20-05.53.41:147][  0]LogMeshReduction: No distributed automatic mesh merging module available
[2024.07.20-05.53.41:147][  0]LogMeshMerging: No distributed automatic mesh merging module available
[2024.07.20-05.53.41:177][  0]LogNetVersion: UELess5 1.0.0, NetCL: 17155196, EngineNetVer: 17, GameNetVer: 0 (Checksum: 2516290231)
[2024.07.20-05.53.41:692][  0]LogTexture: Default maximum texture size for cubemaps generated from long-lat sources has been changed from 512 to unlimited. In order to preserve old behaiour for '/Engine/MapTemplates/Sky/DaylightAmbientCubemap.DaylightAmbientCubemap', its maximum texture size has been explicitly set to 512.
[2024.07.20-05.53.41:770][  0]LogHMD: PokeAHoleMaterial loaded successfully
[2024.07.20-05.53.41:778][  0]LogUObjectArray: 17178 objects as part of root set at end of initial load.
[2024.07.20-05.53.41:778][  0]LogUObjectAllocator: 4302048 out of 0 bytes used by permanent object pool.
[2024.07.20-05.53.41:778][  0]LogUObjectArray: CloseDisregardForGC: 0/0 objects in disregard for GC pool
[2024.07.20-05.53.42:131][  0]LogNiagaraDebuggerClient: Niagara Debugger Client Initialized | Session: F9B913694345E075E9E3A4B11EFD97E4 | Instance: 3A2676ED484C8BE64D6090B6446B714D (DESKTOP-P1ASVLE-11872).
[2024.07.20-05.53.42:288][  0]LogTcpMessaging: Initializing TcpMessaging bridge
[2024.07.20-05.53.42:304][  0]LogUdpMessaging: Initializing bridge on interface 0.0.0.0:0 to multicast group 230.0.0.1:6666.
[2024.07.20-05.53.42:339][  0]LogPython: Using Python 3.7.7
[2024.07.20-05.53.43:490][  0]LogAndroidPermission: UAndroidPermissionCallbackProxy::GetInstance
[2024.07.20-05.53.43:504][  0]LogAudioCaptureCore: Display: No Audio Capture implementations found. Audio input will be silent.
[2024.07.20-05.53.43:504][  0]LogAudioCaptureCore: Display: No Audio Capture implementations found. Audio input will be silent.
[2024.07.20-05.53.43:537][  0]LogOpenImageDenoise: OIDN starting up
[2024.07.20-05.53.43:683][  0]SourceControl: Source control is disabled
[2024.07.20-05.53.43:683][  0]SourceControl: Source control is disabled
[2024.07.20-05.53.43:687][  0]SourceControl: Source control is disabled
[2024.07.20-05.53.43:695][  0]LogUProjectInfo: Found projects:
[2024.07.20-05.53.43:700][  0]SourceControl: Source control is disabled
[2024.07.20-05.53.43:710][  0]SourceControl: Source control is disabled
[2024.07.20-05.53.43:736][  0]LogCollectionManager: Loaded 0 collections in 0.002040 seconds
[2024.07.20-05.53.43:770][  0]LogFileCache: Scanning file cache for directory 'C:/Github/UELess5/Saved/Collections/' took 0.00s
[2024.07.20-05.53.43:770][  0]LogFileCache: Scanning file cache for directory 'C:/Github/UELess5/Content/Developers/pelme/Collections/' took 0.00s
[2024.07.20-05.53.43:770][  0]LogFileCache: Scanning file cache for directory 'C:/Github/UELess5/Content/Collections/' took 0.00s
[2024.07.20-05.53.43:770][  0]LogOcInput: OculusInput pre-init called
[2024.07.20-05.53.44:096][  0]LogEngine: Initializing Engine...
[2024.07.20-05.53.44:098][  0]LogHMD: Failed to enumerate extensions. Please check that you have a valid OpenXR runtime installed.
[2024.07.20-05.53.44:099][  0]LogHMD: Failed to initialize OpenVR with code 110
[2024.07.20-05.53.44:099][  0]LogMagicLeap: Warning: VR disabled because ZI is not enabled.  To enable, in the editor, Edit -> Project Settings -> Plugins -> Magic Leap Plugin -> Enable Zero Iteration
[2024.07.20-05.53.44:100][  0]LogStats: UGameplayTagsManager::InitializeManager -  0.000 s
[2024.07.20-05.53.44:247][  0]LogInit: Initializing FReadOnlyCVARCache
[2024.07.20-05.53.44:257][  0]LogAIModule: Creating AISystem for world Untitled
[2024.07.20-05.53.44:279][  0]LogAudio: Display: Initializing Audio Device Manager...
[2024.07.20-05.53.44:284][  0]LogAudio: Display: Loading Default Audio Settings Objects...
[2024.07.20-05.53.44:285][  0]LogAudio: Display: No default SoundConcurrencyObject specified (or failed to load).
[2024.07.20-05.53.44:285][  0]LogAudio: Display: Audio Device Manager Initialized
[2024.07.20-05.53.44:285][  0]LogAudio: Display: Creating Audio Device:                 Id: 1, Scope: Shared, Realtime: True
[2024.07.20-05.53.44:285][  0]LogAudioMixer: Display: Audio Mixer Platform Settings:
[2024.07.20-05.53.44:285][  0]LogAudioMixer: Display: 	Sample Rate:						  48000
[2024.07.20-05.53.44:285][  0]LogAudioMixer: Display: 	Callback Buffer Frame Size Requested: 1024
[2024.07.20-05.53.44:285][  0]LogAudioMixer: Display: 	Callback Buffer Frame Size To Use:	  1024
[2024.07.20-05.53.44:285][  0]LogAudioMixer: Display: 	Number of buffers to queue:			  2
[2024.07.20-05.53.44:285][  0]LogAudioMixer: Display: 	Max Channels (voices):				  32
[2024.07.20-05.53.44:285][  0]LogAudioMixer: Display: 	Number of Async Source Workers:		  0
[2024.07.20-05.53.44:285][  0]LogAudio: Display: AudioDevice MaxSources: 32
[2024.07.20-05.53.44:286][  0]LogAudio: Display: Audio Spatialization Plugin: None (built-in).
[2024.07.20-05.53.44:286][  0]LogAudio: Display: Audio Reverb Plugin: None (built-in).
[2024.07.20-05.53.44:286][  0]LogAudio: Display: Audio Occlusion Plugin: None (built-in).
[2024.07.20-05.53.44:286][  0]LogAudioMixer: Display: Initializing audio mixer.
[2024.07.20-05.53.44:305][  0]LogAudioMixer: Display: 0: FrontLeft
[2024.07.20-05.53.44:305][  0]LogAudioMixer: Display: 1: FrontRight
[2024.07.20-05.53.44:330][  0]LogAudioMixer: Display: Using Audio Device Наушники (EDIFIER W800BT Plus Stereo)
[2024.07.20-05.53.44:336][  0]LogAudioMixer: Display: Initializing Sound Submixes...
[2024.07.20-05.53.44:339][  0]LogAudioMixer: Display: Creating Master Submix 'MasterSubmixDefault'
[2024.07.20-05.53.44:339][  0]LogAudioMixer: Display: Creating Master Submix 'MasterReverbSubmixDefault'
[2024.07.20-05.53.44:340][  0]LogAudioMixer: Display: Creating Master Submix 'MasterEQSubmixDefault'
[2024.07.20-05.53.44:340][  0]LogAudioMixer: FMixerPlatformXAudio2::StartAudioStream() called
[2024.07.20-05.53.44:340][  0]LogAudioMixer: Display: Output buffers initialized: Frames=1024, Channels=2, Samples=2048
[2024.07.20-05.53.44:342][  0]LogAudioMixer: Display: Starting AudioMixerPlatformInterface::RunInternal()
[2024.07.20-05.53.44:342][  0]LogInit: FAudioDevice initialized.
[2024.07.20-05.53.44:342][  0]LogAudioMixer: Display: FMixerPlatformXAudio2::SubmitBuffer() called for the first time
[2024.07.20-05.53.44:342][  0]LogAudio: Display: Audio Device (ID: 1) registered with world 'Untitled'.
[2024.07.20-05.53.44:342][  0]LogNetVersion: Set ProjectVersion to 1.0.0.0. Version Checksum will be recalculated on next use.
[2024.07.20-05.53.44:414][  0]LogDerivedDataCache: Saved boot cache 0.07s 94MB C:/Users/pelme/AppData/Local/UnrealEngine/4.27/DerivedDataCache/Boot.ddc.
[2024.07.20-05.53.44:414][  0]LogInit: Texture streaming: Enabled
[2024.07.20-05.53.44:429][  0]LogAnalytics: Display: [UEEditor.Rocket.Release] APIServer = https://datarouter.ol.epicgames.com/. AppVersion = 4.27.2-18319896+++UE4+Release-4.27
[2024.07.20-05.53.44:434][  0]LogEngineSessionManager: EngineSessionManager initialized
[2024.07.20-05.53.44:434][  0]LogEditorSessionSummary: Verbose: Initializing EditorSessionSummaryWriter for editor session tracking
[2024.07.20-05.53.44:437][  0]LogEditorSessionSummary: EditorSessionSummaryWriter initialized
[2024.07.20-05.53.44:458][  0]LogInit: Transaction tracking system initialized
[2024.07.20-05.53.44:486][  0]BlueprintLog: New page: Editor Load
[2024.07.20-05.53.44:579][  0]LocalizationService: Localization service is disabled
[2024.07.20-05.53.44:609][  0]TimingProfiler: Initialize
[2024.07.20-05.53.44:610][  0]TimingProfiler: OnSessionChanged
[2024.07.20-05.53.44:610][  0]LoadingProfiler: Initialize
[2024.07.20-05.53.44:610][  0]LoadingProfiler: OnSessionChanged
[2024.07.20-05.53.44:610][  0]NetworkingProfiler: Initialize
[2024.07.20-05.53.44:610][  0]NetworkingProfiler: OnSessionChanged
[2024.07.20-05.53.44:610][  0]MemoryProfiler: Initialize
[2024.07.20-05.53.44:610][  0]MemoryProfiler: OnSessionChanged
[2024.07.20-05.53.44:810][  0]LogCook: Display: CookSettings for Memory: MemoryMaxUsedVirtual 0MiB, MemoryMaxUsedPhysical 16384MiB, MemoryMinFreeVirtual 0MiB, MemoryMinFreePhysical 1024MiB
[2024.07.20-05.53.44:810][  0]LogCook: Display: Mobile HDR setting 1
[2024.07.20-05.53.45:063][  0]LogFileCache: Scanning file cache for directory 'C:/Github/UELess5/Content/' took 0.00s
[2024.07.20-05.53.45:316][  0]LogInit: Display: Engine is initialized. Leaving FEngineLoop::Init()
[2024.07.20-05.53.45:321][  0]SourceControl: Source control is disabled
[2024.07.20-05.53.45:321][  0]LogUnrealEdMisc: Loading editor; pre map load, took 8.842
[2024.07.20-05.53.45:322][  0]Cmd: MAP LOAD FILE="../../../Engine/Content/Maps/Templates/Template_Default.umap" TEMPLATE=1 SHOWPROGRESS=1 FEATURELEVEL=3
[2024.07.20-05.53.45:322][  0]LightingResults: New page: Lighting Build
[2024.07.20-05.53.45:324][  0]LogWorld: UWorld::CleanupWorld for Untitled, bSessionEnded=true, bCleanupResources=true
[2024.07.20-05.53.45:324][  0]LogSlate: InvalidateAllWidgets triggered.  All widgets were invalidated
[2024.07.20-05.53.45:324][  0]MapCheck: New page: Map Check
[2024.07.20-05.53.45:324][  0]LightingResults: New page: Lighting Build
[2024.07.20-05.53.45:333][  0]LogAudio: Display: Audio Device unregistered from world 'None'.
[2024.07.20-05.53.45:338][  0]LogUObjectHash: Compacting FUObjectHashTables data took   1.05ms
[2024.07.20-05.53.45:409][  0]LogTexture: Display: Building textures: DeprecatedTextureEB9CBE3C423008B5E8E130901E171C89 (BGRA8, 128X128)
[2024.07.20-05.53.45:414][  0]LogAudio: Display: Audio Device (ID: 1) registered with world 'Untitled_1'.
[2024.07.20-05.53.45:414][  0]LogAIModule: Creating AISystem for world Untitled_1
[2024.07.20-05.53.45:420][  0]LogEditorServer: Finished looking for orphan Actors (0.000 secs)
[2024.07.20-05.53.45:440][  0]LogUObjectHash: Compacting FUObjectHashTables data took   1.06ms
[2024.07.20-05.53.45:440][  0]Cmd: MAP CHECKDEP NOCLEARLOG
[2024.07.20-05.53.45:440][  0]MapCheck: Map check complete: 0 Error(s), 0 Warning(s), took 0,214ms to complete.
[2024.07.20-05.53.45:440][  0]LogFileHelpers: Loading map 'Template_Default' took 0.119
[2024.07.20-05.53.45:443][  0]LogUnrealEdMisc: Total Editor Startup Time, took 8.964
[2024.07.20-05.53.45:636][  0]LogSlate: Updating window title bar state: overlay mode, drag disabled, window buttons hidden, title bar hidden
[2024.07.20-05.53.45:643][  0]LogSlate: Updating window title bar state: overlay mode, drag disabled, window buttons hidden, title bar hidden
[2024.07.20-05.53.45:650][  0]LogSlate: Updating window title bar state: overlay mode, drag disabled, window buttons hidden, title bar hidden
[2024.07.20-05.53.45:657][  0]LogSlate: Updating window title bar state: overlay mode, drag disabled, window buttons hidden, title bar hidden
[2024.07.20-05.53.45:674][  0]LogNativeClassHierarchy: Verbose: Native class hierarchy populated in 0.0112 seconds. Added 3822 classes and 928 folders.
[2024.07.20-05.53.45:696][  0]LogNativeClassHierarchy: Verbose: Native class hierarchy updated for 'WidgetCarousel' in 0.0003 seconds. Added 0 classes and 0 folders.
[2024.07.20-05.53.45:698][  0]LogPakFile: PakFile PrimaryIndexSize=187
[2024.07.20-05.53.45:698][  0]LogPakFile: PakFile PathHashIndexSize=101
[2024.07.20-05.53.45:698][  0]LogPakFile: PakFile FullDirectoryIndexSize=148
[2024.07.20-05.53.45:698][  0]LogShaderLibrary: Display: ShaderCodeLibraryPakFileMountedCallback: PakFile 'C:/Program Files/Epic Games/UE_4.27/FeaturePacks/FP_FirstPerson.upack' (chunk index -1, root 'root:/') mounted
[2024.07.20-05.53.45:698][  0]LogShaderLibrary: Display: ShaderCodeLibraryPakFileMountedCallback: pending pak file info (ChunkID:-1 Root:root:/ File:C:/Program Files/Epic Games/UE_4.27/FeaturePacks/FP_FirstPerson.upack)
[2024.07.20-05.53.45:698][  0]LogPakFile: OnPakFileMounted2Time == 0.000072
[2024.07.20-05.53.45:699][  0]LogPakFile: PakFile PrimaryIndexSize=189
[2024.07.20-05.53.45:699][  0]LogPakFile: PakFile PathHashIndexSize=101
[2024.07.20-05.53.45:699][  0]LogPakFile: PakFile FullDirectoryIndexSize=152
[2024.07.20-05.53.45:699][  0]LogShaderLibrary: Display: ShaderCodeLibraryPakFileMountedCallback: PakFile 'C:/Program Files/Epic Games/UE_4.27/FeaturePacks/FP_FirstPersonBP.upack' (chunk index -1, root 'root:/') mounted
[2024.07.20-05.53.45:699][  0]LogShaderLibrary: Display: ShaderCodeLibraryPakFileMountedCallback: pending pak file info (ChunkID:-1 Root:root:/ File:C:/Program Files/Epic Games/UE_4.27/FeaturePacks/FP_FirstPersonBP.upack)
[2024.07.20-05.53.45:699][  0]LogPakFile: OnPakFileMounted2Time == 0.000054
[2024.07.20-05.53.45:700][  0]LogPakFile: PakFile PrimaryIndexSize=191
[2024.07.20-05.53.45:700][  0]LogPakFile: PakFile PathHashIndexSize=101
[2024.07.20-05.53.45:700][  0]LogPakFile: PakFile FullDirectoryIndexSize=160
[2024.07.20-05.53.45:700][  0]LogShaderLibrary: Display: ShaderCodeLibraryPakFileMountedCallback: PakFile 'C:/Program Files/Epic Games/UE_4.27/FeaturePacks/MobileStarterContent.upack' (chunk index -1, root 'root:/') mounted
[2024.07.20-05.53.45:700][  0]LogShaderLibrary: Display: ShaderCodeLibraryPakFileMountedCallback: pending pak file info (ChunkID:-1 Root:root:/ File:C:/Program Files/Epic Games/UE_4.27/FeaturePacks/MobileStarterContent.upack)
[2024.07.20-05.53.45:700][  0]LogPakFile: OnPakFileMounted2Time == 0.000048
[2024.07.20-05.53.45:701][  0]LogPakFile: PakFile PrimaryIndexSize=185
[2024.07.20-05.53.45:701][  0]LogPakFile: PakFile PathHashIndexSize=101
[2024.07.20-05.53.45:701][  0]LogPakFile: PakFile FullDirectoryIndexSize=148
[2024.07.20-05.53.45:701][  0]LogShaderLibrary: Display: ShaderCodeLibraryPakFileMountedCallback: PakFile 'C:/Program Files/Epic Games/UE_4.27/FeaturePacks/StarterContent.upack' (chunk index -1, root 'root:/') mounted
[2024.07.20-05.53.45:701][  0]LogShaderLibrary: Display: ShaderCodeLibraryPakFileMountedCallback: pending pak file info (ChunkID:-1 Root:root:/ File:C:/Program Files/Epic Games/UE_4.27/FeaturePacks/StarterContent.upack)
[2024.07.20-05.53.45:701][  0]LogPakFile: OnPakFileMounted2Time == 0.000045
[2024.07.20-05.53.45:701][  0]LogPakFile: PakFile PrimaryIndexSize=190
[2024.07.20-05.53.45:701][  0]LogPakFile: PakFile PathHashIndexSize=101
[2024.07.20-05.53.45:701][  0]LogPakFile: PakFile FullDirectoryIndexSize=154
[2024.07.20-05.53.45:701][  0]LogShaderLibrary: Display: ShaderCodeLibraryPakFileMountedCallback: PakFile 'C:/Program Files/Epic Games/UE_4.27/FeaturePacks/TP_2DSideScroller.upack' (chunk index -1, root 'root:/') mounted
[2024.07.20-05.53.45:702][  0]LogShaderLibrary: Display: ShaderCodeLibraryPakFileMountedCallback: pending pak file info (ChunkID:-1 Root:root:/ File:C:/Program Files/Epic Games/UE_4.27/FeaturePacks/TP_2DSideScroller.upack)
[2024.07.20-05.53.45:702][  0]LogPakFile: OnPakFileMounted2Time == 0.000065
[2024.07.20-05.53.45:702][  0]LogPakFile: PakFile PrimaryIndexSize=192
[2024.07.20-05.53.45:702][  0]LogPakFile: PakFile PathHashIndexSize=101
[2024.07.20-05.53.45:702][  0]LogPakFile: PakFile FullDirectoryIndexSize=158
[2024.07.20-05.53.45:702][  0]LogShaderLibrary: Display: ShaderCodeLibraryPakFileMountedCallback: PakFile 'C:/Program Files/Epic Games/UE_4.27/FeaturePacks/TP_2DSideScrollerBP.upack' (chunk index -1, root 'root:/') mounted
[2024.07.20-05.53.45:702][  0]LogShaderLibrary: Display: ShaderCodeLibraryPakFileMountedCallback: pending pak file info (ChunkID:-1 Root:root:/ File:C:/Program Files/Epic Games/UE_4.27/FeaturePacks/TP_2DSideScrollerBP.upack)
[2024.07.20-05.53.45:702][  0]LogPakFile: OnPakFileMounted2Time == 0.000042
[2024.07.20-05.53.45:703][  0]LogPakFile: PakFile PrimaryIndexSize=182
[2024.07.20-05.53.45:703][  0]LogPakFile: PakFile PathHashIndexSize=101
[2024.07.20-05.53.45:703][  0]LogPakFile: PakFile FullDirectoryIndexSize=138
[2024.07.20-05.53.45:703][  0]LogShaderLibrary: Display: ShaderCodeLibraryPakFileMountedCallback: PakFile 'C:/Program Files/Epic Games/UE_4.27/FeaturePacks/TP_Flying.upack' (chunk index -1, root 'root:/') mounted
[2024.07.20-05.53.45:703][  0]LogShaderLibrary: Display: ShaderCodeLibraryPakFileMountedCallback: pending pak file info (ChunkID:-1 Root:root:/ File:C:/Program Files/Epic Games/UE_4.27/FeaturePacks/TP_Flying.upack)
[2024.07.20-05.53.45:703][  0]LogPakFile: OnPakFileMounted2Time == 0.000043
[2024.07.20-05.53.45:704][  0]LogPakFile: PakFile PrimaryIndexSize=184
[2024.07.20-05.53.45:704][  0]LogPakFile: PakFile PathHashIndexSize=101
[2024.07.20-05.53.45:705][  0]LogPakFile: PakFile FullDirectoryIndexSize=142
[2024.07.20-05.53.45:705][  0]LogShaderLibrary: Display: ShaderCodeLibraryPakFileMountedCallback: PakFile 'C:/Program Files/Epic Games/UE_4.27/FeaturePacks/TP_FlyingBP.upack' (chunk index -1, root 'root:/') mounted
[2024.07.20-05.53.45:705][  0]LogShaderLibrary: Display: ShaderCodeLibraryPakFileMountedCallback: pending pak file info (ChunkID:-1 Root:root:/ File:C:/Program Files/Epic Games/UE_4.27/FeaturePacks/TP_FlyingBP.upack)
[2024.07.20-05.53.45:705][  0]LogPakFile: OnPakFileMounted2Time == 0.000043
[2024.07.20-05.53.45:705][  0]LogPakFile: PakFile PrimaryIndexSize=188
[2024.07.20-05.53.45:705][  0]LogPakFile: PakFile PathHashIndexSize=101
[2024.07.20-05.53.45:705][  0]LogPakFile: PakFile FullDirectoryIndexSize=150
[2024.07.20-05.53.45:705][  0]LogShaderLibrary: Display: ShaderCodeLibraryPakFileMountedCallback: PakFile 'C:/Program Files/Epic Games/UE_4.27/FeaturePacks/TP_HandheldARBP.upack' (chunk index -1, root 'root:/') mounted
[2024.07.20-05.53.45:705][  0]LogShaderLibrary: Display: ShaderCodeLibraryPakFileMountedCallback: pending pak file info (ChunkID:-1 Root:root:/ File:C:/Program Files/Epic Games/UE_4.27/FeaturePacks/TP_HandheldARBP.upack)
[2024.07.20-05.53.45:705][  0]LogPakFile: OnPakFileMounted2Time == 0.000049
[2024.07.20-05.53.45:706][  0]LogPakFile: PakFile PrimaryIndexSize=182
[2024.07.20-05.53.45:707][  0]LogPakFile: PakFile PathHashIndexSize=101
[2024.07.20-05.53.45:707][  0]LogPakFile: PakFile FullDirectoryIndexSize=138
[2024.07.20-05.53.45:707][  0]LogShaderLibrary: Display: ShaderCodeLibraryPakFileMountedCallback: PakFile 'C:/Program Files/Epic Games/UE_4.27/FeaturePacks/TP_Puzzle.upack' (chunk index -1, root 'root:/') mounted
[2024.07.20-05.53.45:707][  0]LogShaderLibrary: Display: ShaderCodeLibraryPakFileMountedCallback: pending pak file info (ChunkID:-1 Root:root:/ File:C:/Program Files/Epic Games/UE_4.27/FeaturePacks/TP_Puzzle.upack)
[2024.07.20-05.53.45:707][  0]LogPakFile: OnPakFileMounted2Time == 0.000043
[2024.07.20-05.53.45:707][  0]LogPakFile: PakFile PrimaryIndexSize=184
[2024.07.20-05.53.45:707][  0]LogPakFile: PakFile PathHashIndexSize=101
[2024.07.20-05.53.45:707][  0]LogPakFile: PakFile FullDirectoryIndexSize=142
[2024.07.20-05.53.45:707][  0]LogShaderLibrary: Display: ShaderCodeLibraryPakFileMountedCallback: PakFile 'C:/Program Files/Epic Games/UE_4.27/FeaturePacks/TP_PuzzleBP.upack' (chunk index -1, root 'root:/') mounted
[2024.07.20-05.53.45:707][  0]LogShaderLibrary: Display: ShaderCodeLibraryPakFileMountedCallback: pending pak file info (ChunkID:-1 Root:root:/ File:C:/Program Files/Epic Games/UE_4.27/FeaturePacks/TP_PuzzleBP.upack)
[2024.07.20-05.53.45:707][  0]LogPakFile: OnPakFileMounted2Time == 0.000043
[2024.07.20-05.53.45:708][  0]LogPakFile: PakFile PrimaryIndexSize=183
[2024.07.20-05.53.45:708][  0]LogPakFile: PakFile PathHashIndexSize=101
[2024.07.20-05.53.45:708][  0]LogPakFile: PakFile FullDirectoryIndexSize=140
[2024.07.20-05.53.45:708][  0]LogShaderLibrary: Display: ShaderCodeLibraryPakFileMountedCallback: PakFile 'C:/Program Files/Epic Games/UE_4.27/FeaturePacks/TP_Rolling.upack' (chunk index -1, root 'root:/') mounted
[2024.07.20-05.53.45:708][  0]LogShaderLibrary: Display: ShaderCodeLibraryPakFileMountedCallback: pending pak file info (ChunkID:-1 Root:root:/ File:C:/Program Files/Epic Games/UE_4.27/FeaturePacks/TP_Rolling.upack)
[2024.07.20-05.53.45:708][  0]LogPakFile: OnPakFileMounted2Time == 0.000048
[2024.07.20-05.53.45:709][  0]LogPakFile: PakFile PrimaryIndexSize=185
[2024.07.20-05.53.45:709][  0]LogPakFile: PakFile PathHashIndexSize=101
[2024.07.20-05.53.45:709][  0]LogPakFile: PakFile FullDirectoryIndexSize=144
[2024.07.20-05.53.45:709][  0]LogShaderLibrary: Display: ShaderCodeLibraryPakFileMountedCallback: PakFile 'C:/Program Files/Epic Games/UE_4.27/FeaturePacks/TP_RollingBP.upack' (chunk index -1, root 'root:/') mounted
[2024.07.20-05.53.45:709][  0]LogShaderLibrary: Display: ShaderCodeLibraryPakFileMountedCallback: pending pak file info (ChunkID:-1 Root:root:/ File:C:/Program Files/Epic Games/UE_4.27/FeaturePacks/TP_RollingBP.upack)
[2024.07.20-05.53.45:709][  0]LogPakFile: OnPakFileMounted2Time == 0.000042
[2024.07.20-05.53.45:710][  0]LogPakFile: PakFile PrimaryIndexSize=188
[2024.07.20-05.53.45:710][  0]LogPakFile: PakFile PathHashIndexSize=101
[2024.07.20-05.53.45:710][  0]LogPakFile: PakFile FullDirectoryIndexSize=150
[2024.07.20-05.53.45:710][  0]LogShaderLibrary: Display: ShaderCodeLibraryPakFileMountedCallback: PakFile 'C:/Program Files/Epic Games/UE_4.27/FeaturePacks/TP_SideScroller.upack' (chunk index -1, root 'root:/') mounted
[2024.07.20-05.53.45:710][  0]LogShaderLibrary: Display: ShaderCodeLibraryPakFileMountedCallback: pending pak file info (ChunkID:-1 Root:root:/ File:C:/Program Files/Epic Games/UE_4.27/FeaturePacks/TP_SideScroller.upack)
[2024.07.20-05.53.45:710][  0]LogPakFile: OnPakFileMounted2Time == 0.000042
[2024.07.20-05.53.45:711][  0]LogPakFile: PakFile PrimaryIndexSize=190
[2024.07.20-05.53.45:711][  0]LogPakFile: PakFile PathHashIndexSize=101
[2024.07.20-05.53.45:711][  0]LogPakFile: PakFile FullDirectoryIndexSize=154
[2024.07.20-05.53.45:711][  0]LogShaderLibrary: Display: ShaderCodeLibraryPakFileMountedCallback: PakFile 'C:/Program Files/Epic Games/UE_4.27/FeaturePacks/TP_SideScrollerBP.upack' (chunk index -1, root 'root:/') mounted
[2024.07.20-05.53.45:711][  0]LogShaderLibrary: Display: ShaderCodeLibraryPakFileMountedCallback: pending pak file info (ChunkID:-1 Root:root:/ File:C:/Program Files/Epic Games/UE_4.27/FeaturePacks/TP_SideScrollerBP.upack)
[2024.07.20-05.53.45:711][  0]LogPakFile: OnPakFileMounted2Time == 0.000043
[2024.07.20-05.53.45:712][  0]LogPakFile: PakFile PrimaryIndexSize=187
[2024.07.20-05.53.45:712][  0]LogPakFile: PakFile PathHashIndexSize=101
[2024.07.20-05.53.45:712][  0]LogPakFile: PakFile FullDirectoryIndexSize=148
[2024.07.20-05.53.45:712][  0]LogShaderLibrary: Display: ShaderCodeLibraryPakFileMountedCallback: PakFile 'C:/Program Files/Epic Games/UE_4.27/FeaturePacks/TP_ThirdPerson.upack' (chunk index -1, root 'root:/') mounted
[2024.07.20-05.53.45:712][  0]LogShaderLibrary: Display: ShaderCodeLibraryPakFileMountedCallback: pending pak file info (ChunkID:-1 Root:root:/ File:C:/Program Files/Epic Games/UE_4.27/FeaturePacks/TP_ThirdPerson.upack)
[2024.07.20-05.53.45:712][  0]LogPakFile: OnPakFileMounted2Time == 0.000042
[2024.07.20-05.53.45:712][  0]LogPakFile: PakFile PrimaryIndexSize=189
[2024.07.20-05.53.45:712][  0]LogPakFile: PakFile PathHashIndexSize=101
[2024.07.20-05.53.45:712][  0]LogPakFile: PakFile FullDirectoryIndexSize=152
[2024.07.20-05.53.45:712][  0]LogShaderLibrary: Display: ShaderCodeLibraryPakFileMountedCallback: PakFile 'C:/Program Files/Epic Games/UE_4.27/FeaturePacks/TP_ThirdPersonBP.upack' (chunk index -1, root 'root:/') mounted
[2024.07.20-05.53.45:713][  0]LogShaderLibrary: Display: ShaderCodeLibraryPakFileMountedCallback: pending pak file info (ChunkID:-1 Root:root:/ File:C:/Program Files/Epic Games/UE_4.27/FeaturePacks/TP_ThirdPersonBP.upack)
[2024.07.20-05.53.45:713][  0]LogPakFile: OnPakFileMounted2Time == 0.000077
[2024.07.20-05.53.45:713][  0]LogPakFile: PakFile PrimaryIndexSize=183
[2024.07.20-05.53.45:713][  0]LogPakFile: PakFile PathHashIndexSize=101
[2024.07.20-05.53.45:713][  0]LogPakFile: PakFile FullDirectoryIndexSize=140
[2024.07.20-05.53.45:713][  0]LogShaderLibrary: Display: ShaderCodeLibraryPakFileMountedCallback: PakFile 'C:/Program Files/Epic Games/UE_4.27/FeaturePacks/TP_TopDown.upack' (chunk index -1, root 'root:/') mounted
[2024.07.20-05.53.45:713][  0]LogShaderLibrary: Display: ShaderCodeLibraryPakFileMountedCallback: pending pak file info (ChunkID:-1 Root:root:/ File:C:/Program Files/Epic Games/UE_4.27/FeaturePacks/TP_TopDown.upack)
[2024.07.20-05.53.45:713][  0]LogPakFile: OnPakFileMounted2Time == 0.000051
[2024.07.20-05.53.45:714][  0]LogPakFile: PakFile PrimaryIndexSize=185
[2024.07.20-05.53.45:714][  0]LogPakFile: PakFile PathHashIndexSize=101
[2024.07.20-05.53.45:714][  0]LogPakFile: PakFile FullDirectoryIndexSize=144
[2024.07.20-05.53.45:714][  0]LogShaderLibrary: Display: ShaderCodeLibraryPakFileMountedCallback: PakFile 'C:/Program Files/Epic Games/UE_4.27/FeaturePacks/TP_TopDownBP.upack' (chunk index -1, root 'root:/') mounted
[2024.07.20-05.53.45:714][  0]LogShaderLibrary: Display: ShaderCodeLibraryPakFileMountedCallback: pending pak file info (ChunkID:-1 Root:root:/ File:C:/Program Files/Epic Games/UE_4.27/FeaturePacks/TP_TopDownBP.upack)
[2024.07.20-05.53.45:714][  0]LogPakFile: OnPakFileMounted2Time == 0.000047
[2024.07.20-05.53.45:715][  0]LogPakFile: PakFile PrimaryIndexSize=185
[2024.07.20-05.53.45:715][  0]LogPakFile: PakFile PathHashIndexSize=101
[2024.07.20-05.53.45:715][  0]LogPakFile: PakFile FullDirectoryIndexSize=144
[2024.07.20-05.53.45:715][  0]LogShaderLibrary: Display: ShaderCodeLibraryPakFileMountedCallback: PakFile 'C:/Program Files/Epic Games/UE_4.27/FeaturePacks/TP_TwinStick.upack' (chunk index -1, root 'root:/') mounted
[2024.07.20-05.53.45:715][  0]LogShaderLibrary: Display: ShaderCodeLibraryPakFileMountedCallback: pending pak file info (ChunkID:-1 Root:root:/ File:C:/Program Files/Epic Games/UE_4.27/FeaturePacks/TP_TwinStick.upack)
[2024.07.20-05.53.45:715][  0]LogPakFile: OnPakFileMounted2Time == 0.000042
[2024.07.20-05.53.45:716][  0]LogPakFile: PakFile PrimaryIndexSize=187
[2024.07.20-05.53.45:716][  0]LogPakFile: PakFile PathHashIndexSize=101
[2024.07.20-05.53.45:716][  0]LogPakFile: PakFile FullDirectoryIndexSize=148
[2024.07.20-05.53.45:716][  0]LogShaderLibrary: Display: ShaderCodeLibraryPakFileMountedCallback: PakFile 'C:/Program Files/Epic Games/UE_4.27/FeaturePacks/TP_TwinStickBP.upack' (chunk index -1, root 'root:/') mounted
[2024.07.20-05.53.45:716][  0]LogShaderLibrary: Display: ShaderCodeLibraryPakFileMountedCallback: pending pak file info (ChunkID:-1 Root:root:/ File:C:/Program Files/Epic Games/UE_4.27/FeaturePacks/TP_TwinStickBP.upack)
[2024.07.20-05.53.45:716][  0]LogPakFile: OnPakFileMounted2Time == 0.000048
[2024.07.20-05.53.45:717][  0]LogPakFile: PakFile PrimaryIndexSize=183
[2024.07.20-05.53.45:717][  0]LogPakFile: PakFile PathHashIndexSize=101
[2024.07.20-05.53.45:717][  0]LogPakFile: PakFile FullDirectoryIndexSize=140
[2024.07.20-05.53.45:717][  0]LogShaderLibrary: Display: ShaderCodeLibraryPakFileMountedCallback: PakFile 'C:/Program Files/Epic Games/UE_4.27/FeaturePacks/TP_Vehicle.upack' (chunk index -1, root 'root:/') mounted
[2024.07.20-05.53.45:717][  0]LogShaderLibrary: Display: ShaderCodeLibraryPakFileMountedCallback: pending pak file info (ChunkID:-1 Root:root:/ File:C:/Program Files/Epic Games/UE_4.27/FeaturePacks/TP_Vehicle.upack)
[2024.07.20-05.53.45:717][  0]LogPakFile: OnPakFileMounted2Time == 0.000042
[2024.07.20-05.53.45:718][  0]LogPakFile: PakFile PrimaryIndexSize=186
[2024.07.20-05.53.45:718][  0]LogPakFile: PakFile PathHashIndexSize=101
[2024.07.20-05.53.45:718][  0]LogPakFile: PakFile FullDirectoryIndexSize=146
[2024.07.20-05.53.45:718][  0]LogShaderLibrary: Display: ShaderCodeLibraryPakFileMountedCallback: PakFile 'C:/Program Files/Epic Games/UE_4.27/FeaturePacks/TP_VehicleAdv.upack' (chunk index -1, root 'root:/') mounted
[2024.07.20-05.53.45:718][  0]LogShaderLibrary: Display: ShaderCodeLibraryPakFileMountedCallback: pending pak file info (ChunkID:-1 Root:root:/ File:C:/Program Files/Epic Games/UE_4.27/FeaturePacks/TP_VehicleAdv.upack)
[2024.07.20-05.53.45:718][  0]LogPakFile: OnPakFileMounted2Time == 0.000042
[2024.07.20-05.53.45:718][  0]LogPakFile: PakFile PrimaryIndexSize=188
[2024.07.20-05.53.45:718][  0]LogPakFile: PakFile PathHashIndexSize=101
[2024.07.20-05.53.45:718][  0]LogPakFile: PakFile FullDirectoryIndexSize=150
[2024.07.20-05.53.45:719][  0]LogShaderLibrary: Display: ShaderCodeLibraryPakFileMountedCallback: PakFile 'C:/Program Files/Epic Games/UE_4.27/FeaturePacks/TP_VehicleAdvBP.upack' (chunk index -1, root 'root:/') mounted
[2024.07.20-05.53.45:719][  0]LogShaderLibrary: Display: ShaderCodeLibraryPakFileMountedCallback: pending pak file info (ChunkID:-1 Root:root:/ File:C:/Program Files/Epic Games/UE_4.27/FeaturePacks/TP_VehicleAdvBP.upack)
[2024.07.20-05.53.45:719][  0]LogPakFile: OnPakFileMounted2Time == 0.000044
[2024.07.20-05.53.45:719][  0]LogPakFile: PakFile PrimaryIndexSize=185
[2024.07.20-05.53.45:719][  0]LogPakFile: PakFile PathHashIndexSize=101
[2024.07.20-05.53.45:719][  0]LogPakFile: PakFile FullDirectoryIndexSize=144
[2024.07.20-05.53.45:719][  0]LogShaderLibrary: Display: ShaderCodeLibraryPakFileMountedCallback: PakFile 'C:/Program Files/Epic Games/UE_4.27/FeaturePacks/TP_VehicleBP.upack' (chunk index -1, root 'root:/') mounted
[2024.07.20-05.53.45:719][  0]LogShaderLibrary: Display: ShaderCodeLibraryPakFileMountedCallback: pending pak file info (ChunkID:-1 Root:root:/ File:C:/Program Files/Epic Games/UE_4.27/FeaturePacks/TP_VehicleBP.upack)
[2024.07.20-05.53.45:719][  0]LogPakFile: OnPakFileMounted2Time == 0.000049
[2024.07.20-05.53.45:720][  0]LogPakFile: PakFile PrimaryIndexSize=192
[2024.07.20-05.53.45:720][  0]LogPakFile: PakFile PathHashIndexSize=101
[2024.07.20-05.53.45:720][  0]LogPakFile: PakFile FullDirectoryIndexSize=158
[2024.07.20-05.53.45:720][  0]LogShaderLibrary: Display: ShaderCodeLibraryPakFileMountedCallback: PakFile 'C:/Program Files/Epic Games/UE_4.27/FeaturePacks/TP_VirtualRealityBP.upack' (chunk index -1, root 'root:/') mounted
[2024.07.20-05.53.45:720][  0]LogShaderLibrary: Display: ShaderCodeLibraryPakFileMountedCallback: pending pak file info (ChunkID:-1 Root:root:/ File:C:/Program Files/Epic Games/UE_4.27/FeaturePacks/TP_VirtualRealityBP.upack)
[2024.07.20-05.53.45:720][  0]LogPakFile: OnPakFileMounted2Time == 0.000054
[2024.07.20-05.53.45:788][  0]LogNativeClassHierarchy: Verbose: Native class hierarchy updated for 'AddContentDialog' in 0.0003 seconds. Added 0 classes and 0 folders.
[2024.07.20-05.53.45:789][  0]LogNativeClassHierarchy: Verbose: Native class hierarchy updated for 'SceneOutliner' in 0.0002 seconds. Added 2 classes and 0 folders.
[2024.07.20-05.53.45:827][  0]LogSlate: Took 0.000187 seconds to synchronously load lazily loaded font '../../../Engine/Content/Slate/Fonts/Roboto-Regular.ttf' (155K)
[2024.07.20-05.53.45:828][  0]LogSlate: Took 0.000185 seconds to synchronously load lazily loaded font '../../../Engine/Content/Editor/Slate/Fonts/FontAwesome.ttf' (139K)
[2024.07.20-05.53.45:829][  0]LogSlate: Took 0.000157 seconds to synchronously load lazily loaded font '../../../Engine/Content/Slate/Fonts/Roboto-Bold.ttf' (160K)
[2024.07.20-05.53.45:965][  0]LogRenderer: Reallocating scene render targets to support 1132x536 Format 10 NumSamples 1 (Frame:1).
[2024.07.20-05.53.46:088][  0]LogNativeClassHierarchy: Verbose: Native class hierarchy updated for 'HierarchicalLODOutliner' in 0.0003 seconds. Added 0 classes and 0 folders.
[2024.07.20-05.53.46:088][  0]LogLoad: (Engine Initialization) Total time: 9.61 seconds
[2024.07.20-05.53.46:088][  0]LogLoad: (Engine Initialization) Total Blueprint compile time: 0.00 seconds
[2024.07.20-05.53.46:135][  0]LogAssetRegistry: Asset discovery search completed in 5.4680 seconds
[2024.07.20-05.53.46:142][  0]LogCollectionManager: Fixed up redirectors for 0 collections in 0.000005 seconds (updated 0 objects)
[2024.07.20-05.53.46:142][  0]LogContentStreaming: Texture pool size now 1000 MB
[2024.07.20-05.53.46:211][  0]LogRenderer: Reallocating scene render targets to support 1132x552 Format 10 NumSamples 1 (Frame:3).
[2024.07.20-05.53.46:315][  2]LogSlate: Took 0.000216 seconds to synchronously load lazily loaded font '../../../Engine/Content/Slate/Fonts/Roboto-Light.ttf' (167K)
[2024.07.20-05.55.35:049][ 52]LogUObjectHash: Compacting FUObjectHashTables data took   1.25ms
[2024.07.20-05.55.38:485][390]LogSlate: Took 0.000243 seconds to synchronously load lazily loaded font '../../../Engine/Content/Slate/Fonts/Roboto-Light.ttf' (167K)
[2024.07.20-05.55.38:535][390]LogEditorClassViewer: Warning: Class /Engine/Tutorial/InWorldBlueprintEditing/TutorialAssets/IWBE_Blutility.IWBE_Blutility_C has parent /Script/Blutility.PlacedEditorUtilityBase, but this parent is not found. The Class will not be shown in ClassViewer.
[2024.07.20-05.55.40:053][390]LogSlate: Window 'Pick Parent Class' being destroyed
[2024.07.20-05.55.40:065][390]LogContentBrowser: Deferred new asset file creation: NewBlueprint
[2024.07.20-05.55.40:072][390]LogContentBrowser: Creating deferred item: NewBlueprint
[2024.07.20-05.55.58:264][558]LogContentBrowser: Attempting asset rename: NewBlueprint -> BP_Light
[2024.07.20-05.55.58:271][558]LogContentBrowser: End creating deferred item NewBlueprint
[2024.07.20-05.56.07:531][646]LogAssetEditorSubsystem: Opening Asset editor for Blueprint /Game/BP_Light.BP_Light
[2024.07.20-05.56.07:832][646]LogNativeClassHierarchy: Verbose: Native class hierarchy updated for 'BlueprintGraph' in 0.0006 seconds. Added 126 classes and 0 folders.
[2024.07.20-05.56.16:838][369]LogSlate: Took 0.006127 seconds to synchronously load lazily loaded font '../../../Engine/Content/Slate/Fonts/Roboto-Italic.ttf' (157K)
[2024.07.20-05.56.34:693][222]BlueprintLog: New page: Compile BP_Light
[2024.07.20-05.56.34:745][222]LogUObjectHash: Compacting FUObjectHashTables data took   3.24ms
[2024.07.20-05.56.38:960][601]LogRenderer: Reallocating scene render targets to support 1144x900 Format 10 NumSamples 1 (Frame:2409).
[2024.07.20-05.56.39:296][640]LogSlate: Window 'BP_Light' being destroyed
[2024.07.20-05.57.28:698][ 94]LogSlate: Window 'Save Level As' being destroyed
[2024.07.20-05.57.28:750][ 94]Cmd: OBJ SAVEPACKAGE PACKAGE="/Game/MainLvl" FILE="../../../../../../Github/UELess5/Content/MainLvl.umap" SILENT=true AUTOSAVING=false KEEPDIRTY=false
[2024.07.20-05.57.28:783][ 94]LogUObjectHash: Compacting FUObjectHashTables data took   3.66ms
[2024.07.20-05.57.28:795][ 94]LogSavePackage: Moving '../../../../../../Github/UELess5/Saved/MainLvlED30A5604158520BBEF445A5052F206C.tmp' to '../../../../../../Github/UELess5/Content/MainLvl.umap'
[2024.07.20-05.57.28:802][ 94]Cmd: OBJ SAVEPACKAGE PACKAGE="/Game/MainLvl_BuiltData" FILE="../../../../../../Github/UELess5/Content/MainLvl_BuiltData.uasset" SILENT=true
[2024.07.20-05.57.28:829][ 94]LogSavePackage: Moving '../../../../../../Github/UELess5/Saved/MainLvl_BuiltData170B1CEB4D92F47B2DF2FD8AB0D07EDC.tmp' to '../../../../../../Github/UELess5/Content/MainLvl_BuiltData.uasset'
[2024.07.20-05.57.28:847][ 94]LogFileHelpers: Saving map 'MainLvl' took 0.135
[2024.07.20-05.57.28:854][ 94]AssetCheck: New page: Asset Save: multiple assets
[2024.07.20-05.57.28:854][ 94]LogContentValidation: Display: Validating MapBuildDataRegistry /Game/MainLvl_BuiltData.MainLvl_BuiltData
[2024.07.20-05.57.28:854][ 94]LogContentValidation: Display: Validating World /Game/MainLvl.MainLvl
[2024.07.20-05.57.34:096][605]Cmd: OBJ SAVEPACKAGE PACKAGE="/Game/BP_Light" FILE="../../../../../../Github/UELess5/Content/BP_Light.uasset" SILENT=true
[2024.07.20-05.57.34:103][605]LogSavePackage: Moving '../../../../../../Github/UELess5/Saved/BP_Light3A7B4DF248064BD50766CC8E9230DE04.tmp' to '../../../../../../Github/UELess5/Content/BP_Light.uasset'
[2024.07.20-05.57.34:210][605]AssetCheck: New page: Asset Save: BP_Light
[2024.07.20-05.57.34:211][605]LogContentValidation: Display: Validating Blueprint /Game/BP_Light.BP_Light
